{"/home/travis/build/npmtest/node-npmtest-rest/test.js":{"path":"/home/travis/build/npmtest/node-npmtest-rest/test.js","s":{"1":2,"2":2,"3":2,"4":2,"5":2,"6":2,"7":2,"8":1,"9":2,"10":2,"11":1,"12":1,"13":1,"14":1,"15":2,"16":2,"17":2,"18":2,"19":1,"20":1,"21":2,"22":2,"23":2,"24":1,"25":1,"26":1,"27":1,"28":1,"29":1,"30":1,"31":1,"32":1,"33":1,"34":1,"35":1,"36":1,"37":1,"38":1,"39":2,"40":2,"41":1,"42":2,"43":2,"44":1,"45":2,"46":2,"47":1,"48":2,"49":2,"50":1,"51":1,"52":1,"53":1,"54":1},"b":{"1":[2,1,1,1],"2":[1,1,1,1],"3":[1,1],"4":[1,1],"5":[1,1],"6":[1,1],"7":[1,1],"8":[1,1],"9":[1,1],"10":[1,1,1],"11":[1,1],"12":[1,1],"13":[1,1],"14":[1,1],"15":[1,1],"16":[1,1],"17":[1,1]},"f":{"1":2,"2":2,"3":2,"4":2,"5":2,"6":1,"7":1,"8":1,"9":2,"10":2,"11":2,"12":2,"13":1},"fnMap":{"1":{"name":"(anonymous_1)","line":12,"loc":{"start":{"line":12,"column":1},"end":{"line":12,"column":13}}},"2":{"name":"(anonymous_2)","line":19,"loc":{"start":{"line":19,"column":5},"end":{"line":19,"column":17}}},"3":{"name":"(anonymous_3)","line":23,"loc":{"start":{"line":23,"column":24},"end":{"line":23,"column":36}}},"4":{"name":"(anonymous_4)","line":61,"loc":{"start":{"line":61,"column":5},"end":{"line":61,"column":17}}},"5":{"name":"(anonymous_5)","line":82,"loc":{"start":{"line":82,"column":5},"end":{"line":82,"column":17}}},"6":{"name":"(anonymous_6)","line":91,"loc":{"start":{"line":91,"column":77},"end":{"line":94,"column":10}}},"7":{"name":"(anonymous_7)","line":112,"loc":{"start":{"line":112,"column":83},"end":{"line":115,"column":10}},"skip":true},"8":{"name":"(anonymous_8)","line":123,"loc":{"start":{"line":123,"column":77},"end":{"line":126,"column":10}},"skip":true},"9":{"name":"(anonymous_9)","line":139,"loc":{"start":{"line":139,"column":12},"end":{"line":139,"column":40}},"skip":true},"10":{"name":"(anonymous_10)","line":147,"loc":{"start":{"line":147,"column":77},"end":{"line":150,"column":10}},"skip":true},"11":{"name":"(anonymous_11)","line":158,"loc":{"start":{"line":158,"column":83},"end":{"line":161,"column":10}},"skip":true},"12":{"name":"(anonymous_12)","line":169,"loc":{"start":{"line":169,"column":79},"end":{"line":172,"column":10}},"skip":true},"13":{"name":"(anonymous_13)","line":180,"loc":{"start":{"line":180,"column":75},"end":{"line":183,"column":10}},"skip":true}},"statementMap":{"1":{"start":{"line":12,"column":0},"end":{"line":195,"column":5}},"2":{"start":{"line":14,"column":4},"end":{"line":14,"column":14}},"3":{"start":{"line":19,"column":4},"end":{"line":56,"column":9}},"4":{"start":{"line":21,"column":8},"end":{"line":21,"column":19}},"5":{"start":{"line":23,"column":8},"end":{"line":35,"column":13}},"6":{"start":{"line":24,"column":12},"end":{"line":34,"column":13}},"7":{"start":{"line":25,"column":16},"end":{"line":28,"column":30}},"8":{"start":{"line":30,"column":16},"end":{"line":33,"column":27}},"9":{"start":{"line":37,"column":8},"end":{"line":39,"column":21}},"10":{"start":{"line":40,"column":8},"end":{"line":53,"column":9}},"11":{"start":{"line":43,"column":12},"end":{"line":46,"column":14}},"12":{"start":{"line":47,"column":12},"end":{"line":47,"column":18}},"13":{"start":{"line":50,"column":12},"end":{"line":51,"column":33}},"14":{"start":{"line":52,"column":12},"end":{"line":52,"column":18}},"15":{"start":{"line":55,"column":8},"end":{"line":55,"column":35}},"16":{"start":{"line":61,"column":4},"end":{"line":63,"column":9}},"17":{"start":{"line":62,"column":8},"end":{"line":62,"column":15}},"18":{"start":{"line":64,"column":4},"end":{"line":77,"column":5}},"19":{"start":{"line":70,"column":8},"end":{"line":70,"column":14}},"20":{"start":{"line":76,"column":8},"end":{"line":76,"column":14}},"21":{"start":{"line":82,"column":4},"end":{"line":84,"column":9}},"22":{"start":{"line":83,"column":8},"end":{"line":83,"column":15}},"23":{"start":{"line":85,"column":4},"end":{"line":194,"column":5}},"24":{"start":{"line":91,"column":8},"end":{"line":99,"column":10}},"25":{"start":{"line":98,"column":12},"end":{"line":98,"column":35}},"26":{"start":{"line":102,"column":8},"end":{"line":104,"column":63}},"27":{"start":{"line":105,"column":8},"end":{"line":105,"column":14}},"28":{"start":{"line":112,"column":8},"end":{"line":121,"column":10},"skip":true},"29":{"start":{"line":119,"column":12},"end":{"line":119,"column":55},"skip":true},"30":{"start":{"line":120,"column":12},"end":{"line":120,"column":48},"skip":true},"31":{"start":{"line":123,"column":8},"end":{"line":136,"column":10},"skip":true},"32":{"start":{"line":130,"column":12},"end":{"line":130,"column":76},"skip":true},"33":{"start":{"line":131,"column":12},"end":{"line":131,"column":73},"skip":true},"34":{"start":{"line":132,"column":12},"end":{"line":132,"column":74},"skip":true},"35":{"start":{"line":133,"column":12},"end":{"line":133,"column":79},"skip":true},"36":{"start":{"line":134,"column":12},"end":{"line":134,"column":25},"skip":true},"37":{"start":{"line":135,"column":12},"end":{"line":135,"column":45},"skip":true},"38":{"start":{"line":138,"column":8},"end":{"line":145,"column":14},"skip":true},"39":{"start":{"line":143,"column":16},"end":{"line":143,"column":29},"skip":true},"40":{"start":{"line":144,"column":16},"end":{"line":144,"column":55},"skip":true},"41":{"start":{"line":147,"column":8},"end":{"line":156,"column":10},"skip":true},"42":{"start":{"line":154,"column":12},"end":{"line":154,"column":25},"skip":true},"43":{"start":{"line":155,"column":12},"end":{"line":155,"column":45},"skip":true},"44":{"start":{"line":158,"column":8},"end":{"line":167,"column":10},"skip":true},"45":{"start":{"line":165,"column":12},"end":{"line":165,"column":25},"skip":true},"46":{"start":{"line":166,"column":12},"end":{"line":166,"column":48},"skip":true},"47":{"start":{"line":169,"column":8},"end":{"line":178,"column":10},"skip":true},"48":{"start":{"line":176,"column":12},"end":{"line":176,"column":25},"skip":true},"49":{"start":{"line":177,"column":12},"end":{"line":177,"column":46},"skip":true},"50":{"start":{"line":180,"column":8},"end":{"line":189,"column":10},"skip":true},"51":{"start":{"line":187,"column":12},"end":{"line":187,"column":94},"skip":true},"52":{"start":{"line":188,"column":12},"end":{"line":188,"column":48},"skip":true},"53":{"start":{"line":192,"column":8},"end":{"line":192,"column":35},"skip":true},"54":{"start":{"line":193,"column":8},"end":{"line":193,"column":14},"skip":true}},"branchMap":{"1":{"line":25,"type":"binary-expr","locations":[{"start":{"line":25,"column":23},"end":{"line":25,"column":62}},{"start":{"line":26,"column":20},"end":{"line":26,"column":70}},{"start":{"line":27,"column":20},"end":{"line":27,"column":71}},{"start":{"line":28,"column":20},"end":{"line":28,"column":29}}]},"2":{"line":30,"type":"binary-expr","locations":[{"start":{"line":30,"column":23},"end":{"line":30,"column":37}},{"start":{"line":31,"column":20},"end":{"line":31,"column":61}},{"start":{"line":32,"column":20},"end":{"line":32,"column":70}},{"start":{"line":33,"column":20},"end":{"line":33,"column":26}}]},"3":{"line":37,"type":"cond-expr","locations":[{"start":{"line":38,"column":14},"end":{"line":38,"column":20}},{"start":{"line":39,"column":14},"end":{"line":39,"column":20}}]},"4":{"line":40,"type":"switch","locations":[{"start":{"line":42,"column":8},"end":{"line":47,"column":18}},{"start":{"line":49,"column":8},"end":{"line":52,"column":18}}]},"5":{"line":44,"type":"binary-expr","locations":[{"start":{"line":44,"column":16},"end":{"line":44,"column":44}},{"start":{"line":44,"column":48},"end":{"line":44,"column":66}}]},"6":{"line":50,"type":"binary-expr","locations":[{"start":{"line":50,"column":21},"end":{"line":50,"column":49}},{"start":{"line":50,"column":53},"end":{"line":50,"column":72}}]},"7":{"line":64,"type":"switch","locations":[{"start":{"line":69,"column":4},"end":{"line":70,"column":14}},{"start":{"line":75,"column":4},"end":{"line":76,"column":14}}]},"8":{"line":85,"type":"switch","locations":[{"start":{"line":90,"column":4},"end":{"line":105,"column":14}},{"start":{"line":111,"column":4},"end":{"line":193,"column":14},"skip":true}]},"9":{"line":91,"type":"binary-expr","locations":[{"start":{"line":91,"column":42},"end":{"line":91,"column":73}},{"start":{"line":91,"column":77},"end":{"line":99,"column":9}}]},"10":{"line":102,"type":"binary-expr","locations":[{"start":{"line":102,"column":18},"end":{"line":102,"column":32}},{"start":{"line":103,"column":12},"end":{"line":103,"column":53}},{"start":{"line":104,"column":12},"end":{"line":104,"column":61}}]},"11":{"line":112,"type":"binary-expr","locations":[{"start":{"line":112,"column":45},"end":{"line":112,"column":79},"skip":true},{"start":{"line":112,"column":83},"end":{"line":121,"column":9},"skip":true}]},"12":{"line":123,"type":"binary-expr","locations":[{"start":{"line":123,"column":42},"end":{"line":123,"column":73},"skip":true},{"start":{"line":123,"column":77},"end":{"line":136,"column":9},"skip":true}]},"13":{"line":138,"type":"binary-expr","locations":[{"start":{"line":138,"column":48},"end":{"line":138,"column":85},"skip":true},{"start":{"line":139,"column":12},"end":{"line":145,"column":13},"skip":true}]},"14":{"line":147,"type":"binary-expr","locations":[{"start":{"line":147,"column":42},"end":{"line":147,"column":73},"skip":true},{"start":{"line":147,"column":77},"end":{"line":156,"column":9},"skip":true}]},"15":{"line":158,"type":"binary-expr","locations":[{"start":{"line":158,"column":45},"end":{"line":158,"column":79},"skip":true},{"start":{"line":158,"column":83},"end":{"line":167,"column":9},"skip":true}]},"16":{"line":169,"type":"binary-expr","locations":[{"start":{"line":169,"column":43},"end":{"line":169,"column":75},"skip":true},{"start":{"line":169,"column":79},"end":{"line":178,"column":9},"skip":true}]},"17":{"line":180,"type":"binary-expr","locations":[{"start":{"line":180,"column":41},"end":{"line":180,"column":71},"skip":true},{"start":{"line":180,"column":75},"end":{"line":189,"column":9},"skip":true}]}},"code":["/* istanbul instrument in package npmtest_rest */","/*jslint","    bitwise: true,","    browser: true,","    maxerr: 8,","    maxlen: 96,","    node: true,","    nomen: true,","    regexp: true,","    stupid: true","*/","(function () {","    'use strict';","    var local;","","","","    // run shared js-env code - init-before","    (function () {","        // init local","        local = {};","        // init modeJs","        local.modeJs = (function () {","            try {","                return typeof navigator.userAgent === 'string' &&","                    typeof document.querySelector('body') === 'object' &&","                    typeof XMLHttpRequest.prototype.open === 'function' &&","                    'browser';","            } catch (errorCaughtBrowser) {","                return module.exports &&","                    typeof process.versions.node === 'string' &&","                    typeof require('http').createServer === 'function' &&","                    'node';","            }","        }());","        // init global","        local.global = local.modeJs === 'browser'","            ? window","            : global;","        switch (local.modeJs) {","        // re-init local from window.local","        case 'browser':","            local = local.global.utility2.objectSetDefault(","                local.global.utility2_rollup || local.global.local,","                local.global.utility2","            );","            break;","        // re-init local from example.js","        case 'node':","            local = (local.global.utility2_rollup || require('utility2'))","                .requireReadme();","            break;","        }","        // export local","        local.global.local = local;","    }());","","","","    // run shared js-env code - function","    (function () {","        return;","    }());","    switch (local.modeJs) {","","","","    // run browser js-env code - function","    case 'browser':","        break;","","","","    // run node js-env code - function","    case 'node':","        break;","    }","","","","    // run shared js-env code - init-after","    (function () {","        return;","    }());","    switch (local.modeJs) {","","","","    // run browser js-env code - init-after","    case 'browser':","        local.testCase_browser_nullCase = local.testCase_browser_nullCase || function (","            options,","            onError","        ) {","        /*","         * this function will test browsers's null-case handling-behavior-behavior","         */","            onError(null, options);","        };","","        // run tests","        local.nop(local.modeTest &&","            document.querySelector('#testRunButton1') &&","            document.querySelector('#testRunButton1').click());","        break;","","","","    // run node js-env code - init-after","    /* istanbul ignore next */","    case 'node':","        local.testCase_buildApidoc_default = local.testCase_buildApidoc_default || function (","            options,","            onError","        ) {","        /*","         * this function will test buildApidoc's default handling-behavior-behavior","         */","            options = { modulePathList: module.paths };","            local.buildApidoc(options, onError);","        };","","        local.testCase_buildApp_default = local.testCase_buildApp_default || function (","            options,","            onError","        ) {","        /*","         * this function will test buildApp's default handling-behavior-behavior","         */","            local.testCase_buildReadme_default(options, local.onErrorThrow);","            local.testCase_buildLib_default(options, local.onErrorThrow);","            local.testCase_buildTest_default(options, local.onErrorThrow);","            local.testCase_buildCustomOrg_default(options, local.onErrorThrow);","            options = [];","            local.buildApp(options, onError);","        };","","        local.testCase_buildCustomOrg_default = local.testCase_buildCustomOrg_default ||","            function (options, onError) {","            /*","             * this function will test buildCustomOrg's default handling-behavior","             */","                options = {};","                local.buildCustomOrg(options, onError);","            };","","        local.testCase_buildLib_default = local.testCase_buildLib_default || function (","            options,","            onError","        ) {","        /*","         * this function will test buildLib's default handling-behavior","         */","            options = {};","            local.buildLib(options, onError);","        };","","        local.testCase_buildReadme_default = local.testCase_buildReadme_default || function (","            options,","            onError","        ) {","        /*","         * this function will test buildReadme's default handling-behavior-behavior","         */","            options = {};","            local.buildReadme(options, onError);","        };","","        local.testCase_buildTest_default = local.testCase_buildTest_default || function (","            options,","            onError","        ) {","        /*","         * this function will test buildTest's default handling-behavior","         */","            options = {};","            local.buildTest(options, onError);","        };","","        local.testCase_webpage_default = local.testCase_webpage_default || function (","            options,","            onError","        ) {","        /*","         * this function will test webpage's default handling-behavior","         */","            options = { modeCoverageMerge: true, url: local.serverLocalHost + '?modeTest=1' };","            local.browserTest(options, onError);","        };","","        // run test-server","        local.testRunServer(local);","        break;","    }","}());",""],"l":{"12":2,"14":2,"19":2,"21":2,"23":2,"24":2,"25":2,"30":1,"37":2,"40":2,"43":1,"47":1,"50":1,"52":1,"55":2,"61":2,"62":2,"64":2,"70":1,"76":1,"82":2,"83":2,"85":2,"91":1,"98":1,"102":1,"105":1,"112":1,"119":1,"120":1,"123":1,"130":1,"131":1,"132":1,"133":1,"134":1,"135":1,"138":1,"143":2,"144":2,"147":1,"154":2,"155":2,"158":1,"165":2,"166":2,"169":1,"176":2,"177":2,"180":1,"187":1,"188":1,"192":1,"193":1}},"/home/travis/build/npmtest/node-npmtest-rest/lib.npmtest_rest.js":{"path":"/home/travis/build/npmtest/node-npmtest-rest/lib.npmtest_rest.js","s":{"1":2,"2":2,"3":2,"4":2,"5":2,"6":2,"7":2,"8":1,"9":2,"10":2,"11":2,"12":2,"13":1,"14":1,"15":1,"16":1},"b":{"1":[2,1,1,1],"2":[1,1,1,1],"3":[1,1],"4":[2,2],"5":[1,1]},"f":{"1":2,"2":2,"3":2},"fnMap":{"1":{"name":"(anonymous_1)","line":12,"loc":{"start":{"line":12,"column":1},"end":{"line":12,"column":13}}},"2":{"name":"(anonymous_2)","line":19,"loc":{"start":{"line":19,"column":5},"end":{"line":19,"column":17}}},"3":{"name":"(anonymous_3)","line":23,"loc":{"start":{"line":23,"column":24},"end":{"line":23,"column":36}}}},"statementMap":{"1":{"start":{"line":12,"column":0},"end":{"line":53,"column":5}},"2":{"start":{"line":14,"column":4},"end":{"line":14,"column":14}},"3":{"start":{"line":19,"column":4},"end":{"line":52,"column":9}},"4":{"start":{"line":21,"column":8},"end":{"line":21,"column":19}},"5":{"start":{"line":23,"column":8},"end":{"line":35,"column":13}},"6":{"start":{"line":24,"column":12},"end":{"line":34,"column":13}},"7":{"start":{"line":25,"column":16},"end":{"line":28,"column":30}},"8":{"start":{"line":30,"column":16},"end":{"line":33,"column":27}},"9":{"start":{"line":37,"column":8},"end":{"line":39,"column":21}},"10":{"start":{"line":41,"column":8},"end":{"line":41,"column":54}},"11":{"start":{"line":43,"column":8},"end":{"line":43,"column":49}},"12":{"start":{"line":45,"column":8},"end":{"line":51,"column":9}},"13":{"start":{"line":46,"column":12},"end":{"line":46,"column":55}},"14":{"start":{"line":48,"column":12},"end":{"line":48,"column":35}},"15":{"start":{"line":49,"column":12},"end":{"line":49,"column":49}},"16":{"start":{"line":50,"column":12},"end":{"line":50,"column":43}}},"branchMap":{"1":{"line":25,"type":"binary-expr","locations":[{"start":{"line":25,"column":23},"end":{"line":25,"column":62}},{"start":{"line":26,"column":20},"end":{"line":26,"column":70}},{"start":{"line":27,"column":20},"end":{"line":27,"column":71}},{"start":{"line":28,"column":20},"end":{"line":28,"column":29}}]},"2":{"line":30,"type":"binary-expr","locations":[{"start":{"line":30,"column":23},"end":{"line":30,"column":37}},{"start":{"line":31,"column":20},"end":{"line":31,"column":61}},{"start":{"line":32,"column":20},"end":{"line":32,"column":70}},{"start":{"line":33,"column":20},"end":{"line":33,"column":26}}]},"3":{"line":37,"type":"cond-expr","locations":[{"start":{"line":38,"column":14},"end":{"line":38,"column":20}},{"start":{"line":39,"column":14},"end":{"line":39,"column":20}}]},"4":{"line":41,"type":"binary-expr","locations":[{"start":{"line":41,"column":16},"end":{"line":41,"column":44}},{"start":{"line":41,"column":48},"end":{"line":41,"column":53}}]},"5":{"line":45,"type":"if","locations":[{"start":{"line":45,"column":8},"end":{"line":45,"column":8}},{"start":{"line":45,"column":8},"end":{"line":45,"column":8}}]}},"code":["/* istanbul instrument in package npmtest_rest */","/*jslint","    bitwise: true,","    browser: true,","    maxerr: 8,","    maxlen: 96,","    node: true,","    nomen: true,","    regexp: true,","    stupid: true","*/","(function () {","    'use strict';","    var local;","","","","    // run shared js-env code - init-before","    (function () {","        // init local","        local = {};","        // init modeJs","        local.modeJs = (function () {","            try {","                return typeof navigator.userAgent === 'string' &&","                    typeof document.querySelector('body') === 'object' &&","                    typeof XMLHttpRequest.prototype.open === 'function' &&","                    'browser';","            } catch (errorCaughtBrowser) {","                return module.exports &&","                    typeof process.versions.node === 'string' &&","                    typeof require('http').createServer === 'function' &&","                    'node';","            }","        }());","        // init global","        local.global = local.modeJs === 'browser'","            ? window","            : global;","        // init utility2_rollup","        local = local.global.utility2_rollup || local;","        // init lib","        local.local = local.npmtest_rest = local;","        // init exports","        if (local.modeJs === 'browser') {","            local.global.utility2_npmtest_rest = local;","        } else {","            module.exports = local;","            module.exports.__dirname = __dirname;","            module.exports.module = module;","        }","    }());","}());",""],"l":{"12":2,"14":2,"19":2,"21":2,"23":2,"24":2,"25":2,"30":1,"37":2,"41":2,"43":2,"45":2,"46":1,"48":1,"49":1,"50":1}},"/home/travis/build/npmtest/node-npmtest-rest/example.js":{"path":"/home/travis/build/npmtest/node-npmtest-rest/example.js","s":{"1":2,"2":2,"3":2,"4":2,"5":2,"6":2,"7":2,"8":1,"9":2,"10":2,"11":2,"12":2,"13":1,"14":2,"15":2,"16":2,"17":2,"18":2,"19":0,"20":2,"21":1,"22":1,"23":1,"24":1,"25":1,"26":0,"27":0,"28":1,"29":1,"30":2,"31":0,"32":0,"33":0,"34":1,"35":2,"36":2,"37":3,"38":3,"39":3,"40":3,"41":0,"42":3,"43":3,"44":3,"45":1,"46":3,"47":1,"48":1,"49":1,"50":1,"51":1,"52":1,"53":1,"54":1,"55":1,"56":1,"57":0,"58":1,"59":6,"60":6,"61":1,"62":2,"63":0,"64":2,"65":1,"66":1,"67":0,"68":0,"69":0,"70":0,"71":0,"72":0,"73":0,"74":0,"75":0,"76":0,"77":0,"78":0,"79":0,"80":0,"81":0,"82":0,"83":0},"b":{"1":[2,1,1,1],"2":[1,1,1,1],"3":[1,1],"4":[2,2],"5":[1,1],"6":[1,1],"7":[2,0],"8":[2,1,1,1,1,1],"9":[0,2,0],"10":[1,1],"11":[2,1,1],"12":[1,0],"13":[0,2],"14":[2,0,0,0,0,0,0],"15":[0,3],"16":[3,0],"17":[1,1],"18":[0,1],"19":[1,2,0,2],"20":[1,0],"21":[1,1],"22":[0,0],"23":[0,0],"24":[0,0],"25":[0,0],"26":[0,0],"27":[0,0],"28":[0,0]},"f":{"1":2,"2":2,"3":2,"4":2,"5":2,"6":2,"7":3,"8":3,"9":3,"10":1,"11":6,"12":0},"fnMap":{"1":{"name":"(anonymous_1)","line":26,"loc":{"start":{"line":26,"column":1},"end":{"line":26,"column":13}}},"2":{"name":"(anonymous_2)","line":33,"loc":{"start":{"line":33,"column":5},"end":{"line":33,"column":17}}},"3":{"name":"(anonymous_3)","line":37,"loc":{"start":{"line":37,"column":24},"end":{"line":37,"column":36}}},"4":{"name":"(anonymous_4)","line":69,"loc":{"start":{"line":69,"column":31},"end":{"line":69,"column":48}},"skip":true},"5":{"name":"(anonymous_5)","line":78,"loc":{"start":{"line":78,"column":26},"end":{"line":78,"column":45}},"skip":true},"6":{"name":"(anonymous_6)","line":123,"loc":{"start":{"line":123,"column":33},"end":{"line":123,"column":48}},"skip":true},"7":{"name":"(anonymous_7)","line":125,"loc":{"start":{"line":125,"column":27},"end":{"line":125,"column":39}},"skip":true},"8":{"name":"(anonymous_8)","line":133,"loc":{"start":{"line":133,"column":59},"end":{"line":133,"column":74}},"skip":true},"9":{"name":"(anonymous_9)","line":143,"loc":{"start":{"line":143,"column":45},"end":{"line":143,"column":62}},"skip":true},"10":{"name":"(anonymous_10)","line":144,"loc":{"start":{"line":144,"column":73},"end":{"line":144,"column":92}},"skip":true},"11":{"name":"(anonymous_11)","line":272,"loc":{"start":{"line":272,"column":51},"end":{"line":272,"column":77}},"skip":true},"12":{"name":"(anonymous_12)","line":315,"loc":{"start":{"line":315,"column":32},"end":{"line":315,"column":61}},"skip":true}},"statementMap":{"1":{"start":{"line":26,"column":0},"end":{"line":326,"column":5}},"2":{"start":{"line":28,"column":4},"end":{"line":28,"column":14}},"3":{"start":{"line":33,"column":4},"end":{"line":60,"column":9}},"4":{"start":{"line":35,"column":8},"end":{"line":35,"column":19}},"5":{"start":{"line":37,"column":8},"end":{"line":49,"column":13}},"6":{"start":{"line":38,"column":12},"end":{"line":48,"column":13}},"7":{"start":{"line":39,"column":16},"end":{"line":42,"column":30}},"8":{"start":{"line":44,"column":16},"end":{"line":47,"column":27}},"9":{"start":{"line":51,"column":8},"end":{"line":53,"column":21}},"10":{"start":{"line":55,"column":8},"end":{"line":57,"column":45}},"11":{"start":{"line":59,"column":8},"end":{"line":59,"column":35}},"12":{"start":{"line":61,"column":4},"end":{"line":325,"column":5}},"13":{"start":{"line":69,"column":8},"end":{"line":121,"column":10},"skip":true},"14":{"start":{"line":70,"column":12},"end":{"line":88,"column":13},"skip":true},"15":{"start":{"line":76,"column":16},"end":{"line":87,"column":19},"skip":true},"16":{"start":{"line":79,"column":20},"end":{"line":86,"column":21},"skip":true},"17":{"start":{"line":82,"column":24},"end":{"line":82,"column":43},"skip":true},"18":{"start":{"line":83,"column":24},"end":{"line":83,"column":30},"skip":true},"19":{"start":{"line":85,"column":24},"end":{"line":85,"column":49},"skip":true},"20":{"start":{"line":89,"column":12},"end":{"line":107,"column":13},"skip":true},"21":{"start":{"line":92,"column":16},"end":{"line":102,"column":17},"skip":true},"22":{"start":{"line":93,"column":20},"end":{"line":93,"column":86},"skip":true},"23":{"start":{"line":94,"column":20},"end":{"line":95,"column":45},"skip":true},"24":{"start":{"line":96,"column":20},"end":{"line":96,"column":42},"skip":true},"25":{"start":{"line":97,"column":20},"end":{"line":97,"column":48},"skip":true},"26":{"start":{"line":100,"column":20},"end":{"line":100,"column":85},"skip":true},"27":{"start":{"line":101,"column":20},"end":{"line":101,"column":96},"skip":true},"28":{"start":{"line":103,"column":16},"end":{"line":103,"column":22},"skip":true},"29":{"start":{"line":106,"column":16},"end":{"line":106,"column":22},"skip":true},"30":{"start":{"line":108,"column":12},"end":{"line":120,"column":13},"skip":true},"31":{"start":{"line":114,"column":16},"end":{"line":119,"column":17},"skip":true},"32":{"start":{"line":116,"column":20},"end":{"line":116,"column":78},"skip":true},"33":{"start":{"line":118,"column":20},"end":{"line":118,"column":47},"skip":true},"34":{"start":{"line":123,"column":8},"end":{"line":141,"column":11},"skip":true},"35":{"start":{"line":124,"column":12},"end":{"line":124,"column":54},"skip":true},"36":{"start":{"line":125,"column":12},"end":{"line":140,"column":14},"skip":true},"37":{"start":{"line":126,"column":16},"end":{"line":126,"column":28},"skip":true},"38":{"start":{"line":127,"column":16},"end":{"line":127,"column":69},"skip":true},"39":{"start":{"line":128,"column":16},"end":{"line":128,"column":75},"skip":true},"40":{"start":{"line":129,"column":16},"end":{"line":131,"column":17},"skip":true},"41":{"start":{"line":130,"column":20},"end":{"line":130,"column":27},"skip":true},"42":{"start":{"line":133,"column":16},"end":{"line":137,"column":36},"skip":true},"43":{"start":{"line":134,"column":20},"end":{"line":136,"column":55},"skip":true},"44":{"start":{"line":139,"column":16},"end":{"line":139,"column":57},"skip":true},"45":{"start":{"line":143,"column":8},"end":{"line":147,"column":11},"skip":true},"46":{"start":{"line":144,"column":12},"end":{"line":146,"column":15},"skip":true},"47":{"start":{"line":145,"column":16},"end":{"line":145,"column":70},"skip":true},"48":{"start":{"line":149,"column":8},"end":{"line":149,"column":31},"skip":true},"49":{"start":{"line":150,"column":8},"end":{"line":150,"column":14},"skip":true},"50":{"start":{"line":158,"column":8},"end":{"line":158,"column":31},"skip":true},"51":{"start":{"line":160,"column":8},"end":{"line":160,"column":33},"skip":true},"52":{"start":{"line":161,"column":8},"end":{"line":161,"column":37},"skip":true},"53":{"start":{"line":162,"column":8},"end":{"line":162,"column":35},"skip":true},"54":{"start":{"line":164,"column":8},"end":{"line":164,"column":50},"skip":true},"55":{"start":{"line":166,"column":8},"end":{"line":256,"column":2},"skip":true},"56":{"start":{"line":258,"column":8},"end":{"line":286,"column":9},"skip":true},"57":{"start":{"line":259,"column":12},"end":{"line":269,"column":14},"skip":true},"58":{"start":{"line":271,"column":12},"end":{"line":285,"column":19},"skip":true},"59":{"start":{"line":274,"column":20},"end":{"line":274,"column":35},"skip":true},"60":{"start":{"line":275,"column":20},"end":{"line":284,"column":21},"skip":true},"61":{"start":{"line":277,"column":24},"end":{"line":277,"column":64},"skip":true},"62":{"start":{"line":279,"column":24},"end":{"line":279,"column":40},"skip":true},"63":{"start":{"line":281,"column":24},"end":{"line":281,"column":40},"skip":true},"64":{"start":{"line":283,"column":24},"end":{"line":283,"column":39},"skip":true},"65":{"start":{"line":288,"column":8},"end":{"line":290,"column":9},"skip":true},"66":{"start":{"line":289,"column":12},"end":{"line":289,"column":18},"skip":true},"67":{"start":{"line":291,"column":8},"end":{"line":293,"column":54},"skip":true},"68":{"start":{"line":296,"column":8},"end":{"line":301,"column":37},"skip":true},"69":{"start":{"line":303,"column":8},"end":{"line":303,"column":82},"skip":true},"70":{"start":{"line":306,"column":8},"end":{"line":308,"column":9},"skip":true},"71":{"start":{"line":307,"column":12},"end":{"line":307,"column":82},"skip":true},"72":{"start":{"line":310,"column":8},"end":{"line":312,"column":9},"skip":true},"73":{"start":{"line":311,"column":12},"end":{"line":311,"column":18},"skip":true},"74":{"start":{"line":313,"column":8},"end":{"line":313,"column":54},"skip":true},"75":{"start":{"line":314,"column":8},"end":{"line":314,"column":69},"skip":true},"76":{"start":{"line":315,"column":8},"end":{"line":323,"column":36},"skip":true},"77":{"start":{"line":316,"column":12},"end":{"line":316,"column":61},"skip":true},"78":{"start":{"line":317,"column":12},"end":{"line":320,"column":13},"skip":true},"79":{"start":{"line":318,"column":16},"end":{"line":318,"column":75},"skip":true},"80":{"start":{"line":319,"column":16},"end":{"line":319,"column":23},"skip":true},"81":{"start":{"line":321,"column":12},"end":{"line":321,"column":38},"skip":true},"82":{"start":{"line":322,"column":12},"end":{"line":322,"column":27},"skip":true},"83":{"start":{"line":324,"column":8},"end":{"line":324,"column":14},"skip":true}},"branchMap":{"1":{"line":39,"type":"binary-expr","locations":[{"start":{"line":39,"column":23},"end":{"line":39,"column":62}},{"start":{"line":40,"column":20},"end":{"line":40,"column":70}},{"start":{"line":41,"column":20},"end":{"line":41,"column":71}},{"start":{"line":42,"column":20},"end":{"line":42,"column":29}}]},"2":{"line":44,"type":"binary-expr","locations":[{"start":{"line":44,"column":23},"end":{"line":44,"column":37}},{"start":{"line":45,"column":20},"end":{"line":45,"column":61}},{"start":{"line":46,"column":20},"end":{"line":46,"column":70}},{"start":{"line":47,"column":20},"end":{"line":47,"column":26}}]},"3":{"line":51,"type":"cond-expr","locations":[{"start":{"line":52,"column":14},"end":{"line":52,"column":20}},{"start":{"line":53,"column":14},"end":{"line":53,"column":20}}]},"4":{"line":55,"type":"binary-expr","locations":[{"start":{"line":55,"column":16},"end":{"line":55,"column":44}},{"start":{"line":55,"column":49},"end":{"line":57,"column":43}}]},"5":{"line":55,"type":"cond-expr","locations":[{"start":{"line":56,"column":14},"end":{"line":56,"column":48}},{"start":{"line":57,"column":14},"end":{"line":57,"column":43}}]},"6":{"line":61,"type":"switch","locations":[{"start":{"line":68,"column":4},"end":{"line":150,"column":14},"skip":true},{"start":{"line":156,"column":4},"end":{"line":324,"column":14},"skip":true}]},"7":{"line":70,"type":"if","locations":[{"start":{"line":70,"column":12},"end":{"line":70,"column":12},"skip":true},{"start":{"line":70,"column":12},"end":{"line":70,"column":12},"skip":true}]},"8":{"line":70,"type":"binary-expr","locations":[{"start":{"line":70,"column":16},"end":{"line":70,"column":22},"skip":true},{"start":{"line":70,"column":27},"end":{"line":70,"column":32},"skip":true},{"start":{"line":71,"column":20},"end":{"line":71,"column":39},"skip":true},{"start":{"line":72,"column":20},"end":{"line":72,"column":49},"skip":true},{"start":{"line":73,"column":20},"end":{"line":73,"column":58},"skip":true},{"start":{"line":74,"column":20},"end":{"line":74,"column":69},"skip":true}]},"9":{"line":79,"type":"switch","locations":[{"start":{"line":80,"column":20},"end":{"line":80,"column":33},"skip":true},{"start":{"line":81,"column":20},"end":{"line":83,"column":30},"skip":true},{"start":{"line":84,"column":20},"end":{"line":85,"column":49},"skip":true}]},"10":{"line":89,"type":"switch","locations":[{"start":{"line":90,"column":12},"end":{"line":103,"column":22},"skip":true},{"start":{"line":105,"column":12},"end":{"line":106,"column":22},"skip":true}]},"11":{"line":89,"type":"binary-expr","locations":[{"start":{"line":89,"column":20},"end":{"line":89,"column":25},"skip":true},{"start":{"line":89,"column":29},"end":{"line":89,"column":48},"skip":true},{"start":{"line":89,"column":52},"end":{"line":89,"column":74},"skip":true}]},"12":{"line":92,"type":"if","locations":[{"start":{"line":92,"column":16},"end":{"line":92,"column":16},"skip":true},{"start":{"line":92,"column":16},"end":{"line":92,"column":16},"skip":true}]},"13":{"line":108,"type":"if","locations":[{"start":{"line":108,"column":12},"end":{"line":108,"column":12},"skip":true},{"start":{"line":108,"column":12},"end":{"line":108,"column":12},"skip":true}]},"14":{"line":108,"type":"binary-expr","locations":[{"start":{"line":108,"column":16},"end":{"line":108,"column":61},"skip":true},{"start":{"line":108,"column":66},"end":{"line":108,"column":72},"skip":true},{"start":{"line":108,"column":77},"end":{"line":108,"column":82},"skip":true},{"start":{"line":109,"column":20},"end":{"line":109,"column":39},"skip":true},{"start":{"line":110,"column":20},"end":{"line":110,"column":49},"skip":true},{"start":{"line":111,"column":20},"end":{"line":111,"column":58},"skip":true},{"start":{"line":112,"column":20},"end":{"line":112,"column":68},"skip":true}]},"15":{"line":129,"type":"if","locations":[{"start":{"line":129,"column":16},"end":{"line":129,"column":16},"skip":true},{"start":{"line":129,"column":16},"end":{"line":129,"column":16},"skip":true}]},"16":{"line":134,"type":"cond-expr","locations":[{"start":{"line":135,"column":26},"end":{"line":135,"column":29},"skip":true},{"start":{"line":136,"column":26},"end":{"line":136,"column":54},"skip":true}]},"17":{"line":164,"type":"binary-expr","locations":[{"start":{"line":164,"column":27},"end":{"line":164,"column":43},"skip":true},{"start":{"line":164,"column":47},"end":{"line":164,"column":49},"skip":true}]},"18":{"line":258,"type":"if","locations":[{"start":{"line":258,"column":8},"end":{"line":258,"column":8},"skip":true},{"start":{"line":258,"column":8},"end":{"line":258,"column":8},"skip":true}]},"19":{"line":275,"type":"switch","locations":[{"start":{"line":276,"column":20},"end":{"line":277,"column":64},"skip":true},{"start":{"line":278,"column":20},"end":{"line":279,"column":40},"skip":true},{"start":{"line":280,"column":20},"end":{"line":281,"column":40},"skip":true},{"start":{"line":282,"column":20},"end":{"line":283,"column":39},"skip":true}]},"20":{"line":288,"type":"if","locations":[{"start":{"line":288,"column":8},"end":{"line":288,"column":8},"skip":true},{"start":{"line":288,"column":8},"end":{"line":288,"column":8},"skip":true}]},"21":{"line":288,"type":"binary-expr","locations":[{"start":{"line":288,"column":12},"end":{"line":288,"column":40},"skip":true},{"start":{"line":288,"column":44},"end":{"line":288,"column":67},"skip":true}]},"22":{"line":292,"type":"binary-expr","locations":[{"start":{"line":292,"column":12},"end":{"line":292,"column":50},"skip":true},{"start":{"line":293,"column":12},"end":{"line":293,"column":53},"skip":true}]},"23":{"line":297,"type":"binary-expr","locations":[{"start":{"line":297,"column":12},"end":{"line":297,"column":62},"skip":true},{"start":{"line":298,"column":12},"end":{"line":301,"column":36},"skip":true}]},"24":{"line":303,"type":"binary-expr","locations":[{"start":{"line":303,"column":43},"end":{"line":303,"column":75},"skip":true},{"start":{"line":303,"column":79},"end":{"line":303,"column":81},"skip":true}]},"25":{"line":306,"type":"if","locations":[{"start":{"line":306,"column":8},"end":{"line":306,"column":8},"skip":true},{"start":{"line":306,"column":8},"end":{"line":306,"column":8},"skip":true}]},"26":{"line":310,"type":"if","locations":[{"start":{"line":310,"column":8},"end":{"line":310,"column":8},"skip":true},{"start":{"line":310,"column":8},"end":{"line":310,"column":8},"skip":true}]},"27":{"line":313,"type":"binary-expr","locations":[{"start":{"line":313,"column":27},"end":{"line":313,"column":43},"skip":true},{"start":{"line":313,"column":47},"end":{"line":313,"column":53},"skip":true}]},"28":{"line":317,"type":"if","locations":[{"start":{"line":317,"column":12},"end":{"line":317,"column":12},"skip":true},{"start":{"line":317,"column":12},"end":{"line":317,"column":12},"skip":true}]}},"code":["/*","example.js","","quickstart example","","instruction","    1. save this script as example.js","    2. run the shell command:","        $ npm install npmtest-rest && PORT=8081 node example.js","    3. play with the browser-demo on http://127.0.0.1:8081","*/","","","","/* istanbul instrument in package npmtest_rest */","/*jslint","    bitwise: true,","    browser: true,","    maxerr: 8,","    maxlen: 96,","    node: true,","    nomen: true,","    regexp: true,","    stupid: true","*/","(function () {","    'use strict';","    var local;","","","","    // run shared js-env code - init-before","    (function () {","        // init local","        local = {};","        // init modeJs","        local.modeJs = (function () {","            try {","                return typeof navigator.userAgent === 'string' &&","                    typeof document.querySelector('body') === 'object' &&","                    typeof XMLHttpRequest.prototype.open === 'function' &&","                    'browser';","            } catch (errorCaughtBrowser) {","                return module.exports &&","                    typeof process.versions.node === 'string' &&","                    typeof require('http').createServer === 'function' &&","                    'node';","            }","        }());","        // init global","        local.global = local.modeJs === 'browser'","            ? window","            : global;","        // init utility2_rollup","        local = local.global.utility2_rollup || (local.modeJs === 'browser'","            ? local.global.utility2_npmtest_rest","            : global.utility2_moduleExports);","        // export local","        local.global.local = local;","    }());","    switch (local.modeJs) {","","","","    // init-after","    // run browser js-env code - init-after","    /* istanbul ignore next */","    case 'browser':","        local.testRunBrowser = function (event) {","            if (!event || (event &&","                    event.currentTarget &&","                    event.currentTarget.className &&","                    event.currentTarget.className.includes &&","                    event.currentTarget.className.includes('onreset'))) {","                // reset output","                Array.from(","                    document.querySelectorAll('body > .resettable')","                ).forEach(function (element) {","                    switch (element.tagName) {","                    case 'INPUT':","                    case 'TEXTAREA':","                        element.value = '';","                        break;","                    default:","                        element.textContent = '';","                    }","                });","            }","            switch (event && event.currentTarget && event.currentTarget.id) {","            case 'testRunButton1':","                // show tests","                if (document.querySelector('#testReportDiv1').style.display === 'none') {","                    document.querySelector('#testReportDiv1').style.display = 'block';","                    document.querySelector('#testRunButton1').textContent =","                        'hide internal test';","                    local.modeTest = true;","                    local.testRunDefault(local);","                // hide tests","                } else {","                    document.querySelector('#testReportDiv1').style.display = 'none';","                    document.querySelector('#testRunButton1').textContent = 'run internal test';","                }","                break;","            // custom-case","            default:","                break;","            }","            if (document.querySelector('#inputTextareaEval1') && (!event || (event &&","                    event.currentTarget &&","                    event.currentTarget.className &&","                    event.currentTarget.className.includes &&","                    event.currentTarget.className.includes('oneval')))) {","                // try to eval input-code","                try {","                    /*jslint evil: true*/","                    eval(document.querySelector('#inputTextareaEval1').value);","                } catch (errorCaught) {","                    console.error(errorCaught);","                }","            }","        };","        // log stderr and stdout to #outputTextareaStdout1","        ['error', 'log'].forEach(function (key) {","            console[key + '_original'] = console[key];","            console[key] = function () {","                var element;","                console[key + '_original'].apply(console, arguments);","                element = document.querySelector('#outputTextareaStdout1');","                if (!element) {","                    return;","                }","                // append text to #outputTextareaStdout1","                element.value += Array.from(arguments).map(function (arg) {","                    return typeof arg === 'string'","                        ? arg","                        : JSON.stringify(arg, null, 4);","                }).join(' ') + '\\n';","                // scroll textarea to bottom","                element.scrollTop = element.scrollHeight;","            };","        });","        // init event-handling","        ['change', 'click', 'keyup'].forEach(function (event) {","            Array.from(document.querySelectorAll('.on' + event)).forEach(function (element) {","                element.addEventListener(event, local.testRunBrowser);","            });","        });","        // run tests","        local.testRunBrowser();","        break;","","","","    // run node js-env code - init-after","    /* istanbul ignore next */","    case 'node':","        // export local","        module.exports = local;","        // require modules","        local.fs = require('fs');","        local.http = require('http');","        local.url = require('url');","        // init assets","        local.assetsDict = local.assetsDict || {};","        /* jslint-ignore-begin */","        local.assetsDict['/assets.index.template.html'] = '\\","<!doctype html>\\n\\","<html lang=\"en\">\\n\\","<head>\\n\\","<meta charset=\"UTF-8\">\\n\\","<meta name=\"viewport\" content=\"width=device-width, initial-scale=1\">\\n\\","<title>{{env.npm_package_name}} (v{{env.npm_package_version}})</title>\\n\\","<style>\\n\\","/*csslint\\n\\","    box-sizing: false,\\n\\","    universal-selector: false\\n\\","*/\\n\\","* {\\n\\","    box-sizing: border-box;\\n\\","}\\n\\","body {\\n\\","    background: #dde;\\n\\","    font-family: Arial, Helvetica, sans-serif;\\n\\","    margin: 2rem;\\n\\","}\\n\\","body > * {\\n\\","    margin-bottom: 1rem;\\n\\","}\\n\\",".utility2FooterDiv {\\n\\","    margin-top: 20px;\\n\\","    text-align: center;\\n\\","}\\n\\","</style>\\n\\","<style>\\n\\","/*csslint\\n\\","*/\\n\\","textarea {\\n\\","    font-family: monospace;\\n\\","    height: 10rem;\\n\\","    width: 100%;\\n\\","}\\n\\","textarea[readonly] {\\n\\","    background: #ddd;\\n\\","}\\n\\","</style>\\n\\","</head>\\n\\","<body>\\n\\","<!-- utility2-comment\\n\\","<div id=\"ajaxProgressDiv1\" style=\"background: #d00; height: 2px; left: 0; margin: 0; padding: 0; position: fixed; top: 0; transition: background 0.5s, width 1.5s; width: 25%;\"></div>\\n\\","utility2-comment -->\\n\\","<h1>\\n\\","<!-- utility2-comment\\n\\","    <a\\n\\","        {{#if env.npm_package_homepage}}\\n\\","        href=\"{{env.npm_package_homepage}}\"\\n\\","        {{/if env.npm_package_homepage}}\\n\\","        target=\"_blank\"\\n\\","    >\\n\\","utility2-comment -->\\n\\","        {{env.npm_package_name}} (v{{env.npm_package_version}})\\n\\","<!-- utility2-comment\\n\\","    </a>\\n\\","utility2-comment -->\\n\\","</h1>\\n\\","<h3>{{env.npm_package_description}}</h3>\\n\\","<!-- utility2-comment\\n\\","<h4><a download href=\"assets.app.js\">download standalone app</a></h4>\\n\\","<button class=\"onclick onreset\" id=\"testRunButton1\">run internal test</button><br>\\n\\","<div id=\"testReportDiv1\" style=\"display: none;\"></div>\\n\\","utility2-comment -->\\n\\","\\n\\","\\n\\","\\n\\","<label>stderr and stdout</label>\\n\\","<textarea class=\"resettable\" id=\"outputTextareaStdout1\" readonly></textarea>\\n\\","<!-- utility2-comment\\n\\","{{#if isRollup}}\\n\\","<script src=\"assets.app.js\"></script>\\n\\","{{#unless isRollup}}\\n\\","utility2-comment -->\\n\\","<script src=\"assets.utility2.rollup.js\"></script>\\n\\","<script src=\"jsonp.utility2._stateInit?callback=window.utility2._stateInit\"></script>\\n\\","<script src=\"assets.npmtest_rest.rollup.js\"></script>\\n\\","<script src=\"assets.example.js\"></script>\\n\\","<script src=\"assets.test.js\"></script>\\n\\","<!-- utility2-comment\\n\\","{{/if isRollup}}\\n\\","utility2-comment -->\\n\\","<div class=\"utility2FooterDiv\">\\n\\","    [ this app was created with\\n\\","    <a href=\"https://github.com/kaizhu256/node-utility2\" target=\"_blank\">utility2</a>\\n\\","    ]\\n\\","</div>\\n\\","</body>\\n\\","</html>\\n\\","';","        /* jslint-ignore-end */","        if (local.templateRender) {","            local.assetsDict['/'] = local.templateRender(","                local.assetsDict['/assets.index.template.html'],","                {","                    env: local.objectSetDefault(local.env, {","                        npm_package_description: 'the greatest app in the world!',","                        npm_package_name: 'my-app',","                        npm_package_nameAlias: 'my_app',","                        npm_package_version: '0.0.1'","                    })","                }","            );","        } else {","            local.assetsDict['/'] = local.assetsDict['/assets.index.template.html']","                .replace((/\\{\\{env\\.(\\w+?)\\}\\}/g), function (match0, match1) {","                    // jslint-hack","                    String(match0);","                    switch (match1) {","                    case 'npm_package_description':","                        return 'the greatest app in the world!';","                    case 'npm_package_name':","                        return 'my-app';","                    case 'npm_package_nameAlias':","                        return 'my_app';","                    case 'npm_package_version':","                        return '0.0.1';","                    }","                });","        }","        // run the cli","        if (local.global.utility2_rollup || module !== require.main) {","            break;","        }","        local.assetsDict['/assets.example.js'] =","            local.assetsDict['/assets.example.js'] ||","            local.fs.readFileSync(__filename, 'utf8');","        // bug-workaround - long $npm_package_buildCustomOrg","        /* jslint-ignore-begin */","        local.assetsDict['/assets.npmtest_rest.rollup.js'] =","            local.assetsDict['/assets.npmtest_rest.rollup.js'] ||","            local.fs.readFileSync(","                local.npmtest_rest.__dirname + '/lib.npmtest_rest.js',","                'utf8'","            ).replace((/^#!/), '//');","        /* jslint-ignore-end */","        local.assetsDict['/favicon.ico'] = local.assetsDict['/favicon.ico'] || '';","        // if $npm_config_timeout_exit exists,","        // then exit this process after $npm_config_timeout_exit ms","        if (Number(process.env.npm_config_timeout_exit)) {","            setTimeout(process.exit, Number(process.env.npm_config_timeout_exit));","        }","        // start server","        if (local.global.utility2_serverHttp1) {","            break;","        }","        process.env.PORT = process.env.PORT || '8081';","        console.error('server starting on port ' + process.env.PORT);","        local.http.createServer(function (request, response) {","            request.urlParsed = local.url.parse(request.url);","            if (local.assetsDict[request.urlParsed.pathname] !== undefined) {","                response.end(local.assetsDict[request.urlParsed.pathname]);","                return;","            }","            response.statusCode = 404;","            response.end();","        }).listen(process.env.PORT);","        break;","    }","}());",""],"l":{"26":2,"28":2,"33":2,"35":2,"37":2,"38":2,"39":2,"44":1,"51":2,"55":2,"59":2,"61":2,"69":1,"70":2,"76":2,"79":2,"82":2,"83":2,"85":1,"89":2,"92":1,"93":1,"94":1,"96":1,"97":1,"100":1,"101":1,"103":1,"106":1,"108":2,"114":1,"116":1,"118":1,"123":1,"124":2,"125":2,"126":3,"127":3,"128":3,"129":3,"130":1,"133":3,"134":3,"139":3,"143":1,"144":3,"145":1,"149":1,"150":1,"158":1,"160":1,"161":1,"162":1,"164":1,"166":1,"258":1,"259":1,"271":1,"274":6,"275":6,"277":1,"279":2,"281":1,"283":2,"288":1,"289":1,"291":1,"296":1,"303":1,"306":1,"307":1,"310":1,"311":1,"313":1,"314":1,"315":1,"316":1,"317":1,"318":1,"319":1,"321":1,"322":1,"324":1}},"/home/travis/build/npmtest/node-npmtest-rest/node_modules/rest/node.js":{"path":"/home/travis/build/npmtest/node-npmtest-rest/node_modules/rest/node.js","s":{"1":1,"2":1,"3":1},"b":{},"f":{},"fnMap":{},"statementMap":{"1":{"start":{"line":10,"column":0},"end":{"line":11,"column":36}},"2":{"start":{"line":13,"column":0},"end":{"line":13,"column":36}},"3":{"start":{"line":15,"column":0},"end":{"line":15,"column":22}}},"branchMap":{},"code":["/*"," * Copyright 2014-2016 the original author or authors"," * @license MIT, see LICENSE.txt for details"," *"," * @author Scott Andrews"," */","","'use strict';","","var rest = require('./client/default'),","    node = require('./client/node');","","rest.setPlatformDefaultClient(node);","","module.exports = rest;",""],"l":{"10":1,"13":1,"15":1}},"/home/travis/build/npmtest/node-npmtest-rest/node_modules/rest/client/default.js":{"path":"/home/travis/build/npmtest/node-npmtest-rest/node_modules/rest/client/default.js","s":{"1":1,"2":1,"3":1,"4":0,"5":1,"6":0,"7":1,"8":0,"9":1,"10":0,"11":1,"12":0,"13":1,"14":5,"15":4,"16":1,"17":1},"b":{"1":[0,1],"2":[1,0,0],"3":[4,1]},"f":{"1":0,"2":0,"3":0,"4":0,"5":5},"fnMap":{"1":{"name":"defaultClient","line":79,"loc":{"start":{"line":79,"column":0},"end":{"line":79,"column":25}}},"2":{"name":"setDefaultClient","line":87,"loc":{"start":{"line":87,"column":33},"end":{"line":87,"column":67}}},"3":{"name":"getDefaultClient","line":95,"loc":{"start":{"line":95,"column":33},"end":{"line":95,"column":61}}},"4":{"name":"resetDefaultClient","line":102,"loc":{"start":{"line":102,"column":35},"end":{"line":102,"column":65}}},"5":{"name":"setPlatformDefaultClient","line":109,"loc":{"start":{"line":109,"column":41},"end":{"line":109,"column":83}}}},"statementMap":{"1":{"start":{"line":66,"column":0},"end":{"line":66,"column":36}},"2":{"start":{"line":68,"column":0},"end":{"line":68,"column":30}},"3":{"start":{"line":70,"column":0},"end":{"line":72,"column":1}},"4":{"start":{"line":71,"column":1},"end":{"line":71,"column":187}},"5":{"start":{"line":79,"column":0},"end":{"line":81,"column":1}},"6":{"start":{"line":80,"column":1},"end":{"line":80,"column":40}},"7":{"start":{"line":87,"column":0},"end":{"line":89,"column":2}},"8":{"start":{"line":88,"column":1},"end":{"line":88,"column":17}},"9":{"start":{"line":95,"column":0},"end":{"line":97,"column":2}},"10":{"start":{"line":96,"column":1},"end":{"line":96,"column":15}},"11":{"start":{"line":102,"column":0},"end":{"line":104,"column":2}},"12":{"start":{"line":103,"column":1},"end":{"line":103,"column":26}},"13":{"start":{"line":109,"column":0},"end":{"line":114,"column":2}},"14":{"start":{"line":110,"column":1},"end":{"line":112,"column":2}},"15":{"start":{"line":111,"column":2},"end":{"line":111,"column":62}},"16":{"start":{"line":113,"column":1},"end":{"line":113,"column":35}},"17":{"start":{"line":116,"column":0},"end":{"line":116,"column":39}}},"branchMap":{"1":{"line":70,"type":"if","locations":[{"start":{"line":70,"column":0},"end":{"line":70,"column":0}},{"start":{"line":70,"column":0},"end":{"line":70,"column":0}}]},"2":{"line":70,"type":"binary-expr","locations":[{"start":{"line":70,"column":4},"end":{"line":70,"column":33}},{"start":{"line":70,"column":37},"end":{"line":70,"column":44}},{"start":{"line":70,"column":48},"end":{"line":70,"column":59}}]},"3":{"line":110,"type":"if","locations":[{"start":{"line":110,"column":1},"end":{"line":110,"column":1}},{"start":{"line":110,"column":1},"end":{"line":110,"column":1}}]}},"code":["/*"," * Copyright 2014-2016 the original author or authors"," * @license MIT, see LICENSE.txt for details"," *"," * @author Scott Andrews"," */","","'use strict';","","/**"," * Plain JS Object containing properties that represent an HTTP request."," *"," * Depending on the capabilities of the underlying client, a request"," * may be cancelable. If a request may be canceled, the client will add"," * a canceled flag and cancel function to the request object. Canceling"," * the request will put the response into an error state."," *"," * @field {string} [method='GET'] HTTP method, commonly GET, POST, PUT, DELETE or HEAD"," * @field {string|UrlBuilder} [path=''] path template with optional path variables"," * @field {Object} [params] parameters for the path template and query string"," * @field {Object} [headers] custom HTTP headers to send, in addition to the clients default headers"," * @field [entity] the HTTP entity, common for POST or PUT requests"," * @field {boolean} [canceled] true if the request has been canceled, set by the client"," * @field {Function} [cancel] cancels the request if invoked, provided by the client"," * @field {Client} [originator] the client that first handled this request, provided by the interceptor"," *"," * @class Request"," */","","/**"," * Plain JS Object containing properties that represent an HTTP response"," *"," * @field {Object} [request] the request object as received by the root client"," * @field {Object} [raw] the underlying request object, like XmlHttpRequest in a browser"," * @field {number} [status.code] status code of the response (i.e. 200, 404)"," * @field {string} [status.text] status phrase of the response"," * @field {Object] [headers] response headers hash of normalized name, value pairs"," * @field [entity] the response body"," *"," * @class Response"," */","","/**"," * HTTP client particularly suited for RESTful operations."," *"," * @field {function} wrap wraps this client with a new interceptor returning the wrapped client"," *"," * @param {Request} the HTTP request"," * @returns {ResponsePromise<Response>} a promise the resolves to the HTTP response"," *"," * @class Client"," */",""," /**","  * Extended when.js Promises/A+ promise with HTTP specific helpers","  *q","  * @method entity promise for the HTTP entity","  * @method status promise for the HTTP status code","  * @method headers promise for the HTTP response headers","  * @method header promise for a specific HTTP response header","  *","  * @class ResponsePromise","  * @extends Promise","  */","","var client, target, platformDefault;","","client = require('../client');","","if (typeof Promise !== 'function' && console && console.log) {","\tconsole.log('An ES6 Promise implementation is required to use rest.js. See https://github.com/cujojs/when/blob/master/docs/es6-promise-shim.md for using when.js as a Promise polyfill.');","}","","/**"," * Make a request with the default client"," * @param {Request} the HTTP request"," * @returns {Promise<Response>} a promise the resolves to the HTTP response"," */","function defaultClient() {","\treturn target.apply(void 0, arguments);","}","","/**"," * Change the default client"," * @param {Client} client the new default client"," */","defaultClient.setDefaultClient = function setDefaultClient(client) {","\ttarget = client;","};","","/**"," * Obtain a direct reference to the current default client"," * @returns {Client} the default client"," */","defaultClient.getDefaultClient = function getDefaultClient() {","\treturn target;","};","","/**"," * Reset the default client to the platform default"," */","defaultClient.resetDefaultClient = function resetDefaultClient() {","\ttarget = platformDefault;","};","","/**"," * @private"," */","defaultClient.setPlatformDefaultClient = function setPlatformDefaultClient(client) {","\tif (platformDefault) {","\t\tthrow new Error('Unable to redefine platformDefaultClient');","\t}","\ttarget = platformDefault = client;","};","","module.exports = client(defaultClient);",""],"l":{"66":1,"68":1,"70":1,"71":0,"79":1,"80":0,"87":1,"88":0,"95":1,"96":0,"102":1,"103":0,"109":1,"110":5,"111":4,"113":1,"116":1}},"/home/travis/build/npmtest/node-npmtest-rest/node_modules/rest/client.js":{"path":"/home/travis/build/npmtest/node-npmtest-rest/node_modules/rest/client.js","s":{"1":1,"2":4,"3":0,"4":0,"5":4,"6":0,"7":4,"8":0,"9":0,"10":0,"11":4},"b":{"1":[0,4],"2":[0,0]},"f":{"1":4,"2":0,"3":0,"4":0},"fnMap":{"1":{"name":"client","line":17,"loc":{"start":{"line":17,"column":17},"end":{"line":17,"column":47}}},"2":{"name":"skip","line":24,"loc":{"start":{"line":24,"column":14},"end":{"line":24,"column":30}}},"3":{"name":"wrap","line":37,"loc":{"start":{"line":37,"column":13},"end":{"line":37,"column":48}}},"4":{"name":"chain","line":44,"loc":{"start":{"line":44,"column":14},"end":{"line":44,"column":31}}}},"statementMap":{"1":{"start":{"line":17,"column":0},"end":{"line":54,"column":2}},"2":{"start":{"line":19,"column":1},"end":{"line":28,"column":2}},"3":{"start":{"line":24,"column":2},"end":{"line":26,"column":4}},"4":{"start":{"line":25,"column":3},"end":{"line":25,"column":17}},"5":{"start":{"line":37,"column":1},"end":{"line":39,"column":3}},"6":{"start":{"line":38,"column":2},"end":{"line":38,"column":35}},"7":{"start":{"line":44,"column":1},"end":{"line":50,"column":3}},"8":{"start":{"line":45,"column":2},"end":{"line":47,"column":3}},"9":{"start":{"line":46,"column":3},"end":{"line":46,"column":83}},"10":{"start":{"line":49,"column":2},"end":{"line":49,"column":42}},"11":{"start":{"line":52,"column":1},"end":{"line":52,"column":13}}},"branchMap":{"1":{"line":19,"type":"if","locations":[{"start":{"line":19,"column":1},"end":{"line":19,"column":1}},{"start":{"line":19,"column":1},"end":{"line":19,"column":1}}]},"2":{"line":45,"type":"if","locations":[{"start":{"line":45,"column":2},"end":{"line":45,"column":2}},{"start":{"line":45,"column":2},"end":{"line":45,"column":2}}]}},"code":["/*"," * Copyright 2014-2016 the original author or authors"," * @license MIT, see LICENSE.txt for details"," *"," * @author Scott Andrews"," */","","'use strict';","","/**"," * Add common helper methods to a client impl"," *"," * @param {function} impl the client implementation"," * @param {Client} [target] target of this client, used when wrapping other clients"," * @returns {Client} the client impl with additional methods"," */","module.exports = function client(impl, target) {","","\tif (target) {","","\t\t/**","\t\t * @returns {Client} the target client","\t\t */","\t\timpl.skip = function skip() {","\t\t\treturn target;","\t\t};","","\t}","","\t/**","\t * Allow a client to easily be wrapped by an interceptor","\t *","\t * @param {Interceptor} interceptor the interceptor to wrap this client with","\t * @param [config] configuration for the interceptor","\t * @returns {Client} the newly wrapped client","\t */","\timpl.wrap = function wrap(interceptor, config) {","\t\treturn interceptor(impl, config);","\t};","","\t/**","\t * @deprecated","\t */","\timpl.chain = function chain() {","\t\tif (typeof console !== 'undefined') {","\t\t\tconsole.log('rest.js: client.chain() is deprecated, use client.wrap() instead');","\t\t}","","\t\treturn impl.wrap.apply(this, arguments);","\t};","","\treturn impl;","","};",""],"l":{"17":1,"19":4,"24":0,"25":0,"37":4,"38":0,"44":4,"45":0,"46":0,"49":0,"52":4}},"/home/travis/build/npmtest/node-npmtest-rest/node_modules/rest/client/node.js":{"path":"/home/travis/build/npmtest/node-npmtest-rest/node_modules/rest/client/node.js","s":{"1":1,"2":1,"3":1,"4":1,"5":1,"6":1,"7":1,"8":1,"9":1,"10":1,"11":0,"12":0,"13":0,"14":0,"15":0,"16":0,"17":0,"18":0,"19":0,"20":0,"21":0,"22":0,"23":0,"24":0,"25":0,"26":0,"27":0,"28":0,"29":1,"30":0,"31":0,"32":0,"33":0,"34":0,"35":0,"36":0,"37":0,"38":0,"39":0,"40":0,"41":0,"42":0,"43":0,"44":0,"45":0,"46":0,"47":0,"48":0,"49":0,"50":0,"51":0,"52":0,"53":0,"54":0,"55":0,"56":0,"57":0,"58":0,"59":0,"60":0,"61":0,"62":0,"63":0,"64":0,"65":0,"66":0,"67":0,"68":0,"69":0,"70":0,"71":0},"b":{"1":[1,0],"2":[0,0],"3":[0,0],"4":[0,0],"5":[0,0],"6":[0,0],"7":[0,0],"8":[0,0],"9":[0,0],"10":[0,0],"11":[0,0],"12":[0,0],"13":[0,0],"14":[0,0],"15":[0,0],"16":[0,0],"17":[0,0]},"f":{"1":0,"2":0,"3":0,"4":0,"5":0,"6":0,"7":0,"8":0,"9":0,"10":0},"fnMap":{"1":{"name":"(anonymous_1)","line":24,"loc":{"start":{"line":24,"column":33},"end":{"line":24,"column":57}}},"2":{"name":"node","line":55,"loc":{"start":{"line":55,"column":24},"end":{"line":55,"column":47}}},"3":{"name":"(anonymous_3)","line":57,"loc":{"start":{"line":57,"column":32},"end":{"line":57,"column":59}}},"4":{"name":"(anonymous_4)","line":79,"loc":{"start":{"line":79,"column":45},"end":{"line":79,"column":61}}},"5":{"name":"cancel","line":87,"loc":{"start":{"line":87,"column":19},"end":{"line":87,"column":37}}},"6":{"name":"(anonymous_6)","line":92,"loc":{"start":{"line":92,"column":42},"end":{"line":92,"column":68}}},"7":{"name":"(anonymous_7)","line":105,"loc":{"start":{"line":105,"column":47},"end":{"line":105,"column":63}}},"8":{"name":"(anonymous_8)","line":109,"loc":{"start":{"line":109,"column":29},"end":{"line":109,"column":45}}},"9":{"name":"(anonymous_9)","line":114,"loc":{"start":{"line":114,"column":28},"end":{"line":114,"column":40}}},"10":{"name":"(anonymous_10)","line":123,"loc":{"start":{"line":123,"column":28},"end":{"line":123,"column":41}}}},"statementMap":{"1":{"start":{"line":11,"column":0},"end":{"line":11,"column":87}},"2":{"start":{"line":13,"column":0},"end":{"line":13,"column":24}},"3":{"start":{"line":14,"column":0},"end":{"line":14,"column":23}},"4":{"start":{"line":15,"column":0},"end":{"line":15,"column":25}},"5":{"start":{"line":16,"column":0},"end":{"line":16,"column":33}},"6":{"start":{"line":17,"column":0},"end":{"line":17,"column":61}},"7":{"start":{"line":18,"column":0},"end":{"line":18,"column":53}},"8":{"start":{"line":19,"column":0},"end":{"line":19,"column":30}},"9":{"start":{"line":21,"column":0},"end":{"line":21,"column":21}},"10":{"start":{"line":24,"column":0},"end":{"line":53,"column":2}},"11":{"start":{"line":27,"column":1},"end":{"line":29,"column":2}},"12":{"start":{"line":28,"column":2},"end":{"line":28,"column":58}},"13":{"start":{"line":31,"column":1},"end":{"line":35,"column":2}},"14":{"start":{"line":32,"column":2},"end":{"line":32,"column":23}},"15":{"start":{"line":33,"column":8},"end":{"line":35,"column":2}},"16":{"start":{"line":34,"column":2},"end":{"line":34,"column":17}},"17":{"start":{"line":37,"column":1},"end":{"line":43,"column":2}},"18":{"start":{"line":38,"column":2},"end":{"line":38,"column":13}},"19":{"start":{"line":39,"column":2},"end":{"line":42,"column":3}},"20":{"start":{"line":40,"column":3},"end":{"line":40,"column":21}},"21":{"start":{"line":41,"column":3},"end":{"line":41,"column":24}},"22":{"start":{"line":45,"column":1},"end":{"line":45,"column":33}},"23":{"start":{"line":46,"column":1},"end":{"line":46,"column":13}},"24":{"start":{"line":47,"column":1},"end":{"line":51,"column":2}},"25":{"start":{"line":48,"column":2},"end":{"line":48,"column":20}},"26":{"start":{"line":49,"column":2},"end":{"line":49,"column":24}},"27":{"start":{"line":50,"column":2},"end":{"line":50,"column":20}},"28":{"start":{"line":52,"column":1},"end":{"line":52,"column":15}},"29":{"start":{"line":55,"column":0},"end":{"line":134,"column":3}},"30":{"start":{"line":57,"column":1},"end":{"line":133,"column":4}},"31":{"start":{"line":59,"column":2},"end":{"line":59,"column":69}},"32":{"start":{"line":61,"column":2},"end":{"line":61,"column":76}},"33":{"start":{"line":62,"column":2},"end":{"line":62,"column":34}},"34":{"start":{"line":64,"column":2},"end":{"line":68,"column":3}},"35":{"start":{"line":65,"column":3},"end":{"line":65,"column":34}},"36":{"start":{"line":66,"column":3},"end":{"line":66,"column":20}},"37":{"start":{"line":67,"column":3},"end":{"line":67,"column":10}},"38":{"start":{"line":70,"column":2},"end":{"line":70,"column":42}},"39":{"start":{"line":71,"column":2},"end":{"line":71,"column":46}},"40":{"start":{"line":73,"column":2},"end":{"line":73,"column":56}},"41":{"start":{"line":75,"column":2},"end":{"line":75,"column":26}},"42":{"start":{"line":76,"column":2},"end":{"line":76,"column":63}},"43":{"start":{"line":77,"column":2},"end":{"line":77,"column":34}},"44":{"start":{"line":78,"column":2},"end":{"line":78,"column":33}},"45":{"start":{"line":79,"column":2},"end":{"line":81,"column":5}},"46":{"start":{"line":80,"column":3},"end":{"line":80,"column":62}},"47":{"start":{"line":82,"column":2},"end":{"line":84,"column":3}},"48":{"start":{"line":83,"column":3},"end":{"line":83,"column":78}},"49":{"start":{"line":86,"column":2},"end":{"line":86,"column":27}},"50":{"start":{"line":87,"column":2},"end":{"line":90,"column":4}},"51":{"start":{"line":88,"column":3},"end":{"line":88,"column":27}},"52":{"start":{"line":89,"column":3},"end":{"line":89,"column":25}},"53":{"start":{"line":92,"column":2},"end":{"line":121,"column":5}},"54":{"start":{"line":94,"column":3},"end":{"line":94,"column":20}},"55":{"start":{"line":96,"column":3},"end":{"line":99,"column":5}},"56":{"start":{"line":100,"column":3},"end":{"line":103,"column":5}},"57":{"start":{"line":104,"column":3},"end":{"line":104,"column":25}},"58":{"start":{"line":105,"column":3},"end":{"line":107,"column":6}},"59":{"start":{"line":106,"column":4},"end":{"line":106,"column":79}},"60":{"start":{"line":109,"column":3},"end":{"line":112,"column":6}},"61":{"start":{"line":111,"column":4},"end":{"line":111,"column":23}},"62":{"start":{"line":114,"column":3},"end":{"line":120,"column":6}},"63":{"start":{"line":116,"column":4},"end":{"line":116,"column":82}},"64":{"start":{"line":117,"column":4},"end":{"line":117,"column":19}},"65":{"start":{"line":119,"column":4},"end":{"line":119,"column":22}},"66":{"start":{"line":123,"column":2},"end":{"line":126,"column":5}},"67":{"start":{"line":124,"column":3},"end":{"line":124,"column":22}},"68":{"start":{"line":125,"column":3},"end":{"line":125,"column":20}},"69":{"start":{"line":128,"column":2},"end":{"line":130,"column":3}},"70":{"start":{"line":129,"column":3},"end":{"line":129,"column":31}},"71":{"start":{"line":131,"column":2},"end":{"line":131,"column":22}}},"branchMap":{"1":{"line":24,"type":"binary-expr","locations":[{"start":{"line":24,"column":16},"end":{"line":24,"column":29}},{"start":{"line":24,"column":33},"end":{"line":53,"column":1}}]},"2":{"line":27,"type":"if","locations":[{"start":{"line":27,"column":1},"end":{"line":27,"column":1}},{"start":{"line":27,"column":1},"end":{"line":27,"column":1}}]},"3":{"line":31,"type":"if","locations":[{"start":{"line":31,"column":1},"end":{"line":31,"column":1}},{"start":{"line":31,"column":1},"end":{"line":31,"column":1}}]},"4":{"line":33,"type":"if","locations":[{"start":{"line":33,"column":8},"end":{"line":33,"column":8}},{"start":{"line":33,"column":8},"end":{"line":33,"column":8}}]},"5":{"line":37,"type":"if","locations":[{"start":{"line":37,"column":1},"end":{"line":37,"column":1}},{"start":{"line":37,"column":1},"end":{"line":37,"column":1}}]},"6":{"line":61,"type":"cond-expr","locations":[{"start":{"line":61,"column":42},"end":{"line":61,"column":59}},{"start":{"line":61,"column":62},"end":{"line":61,"column":75}}]},"7":{"line":61,"type":"binary-expr","locations":[{"start":{"line":61,"column":62},"end":{"line":61,"column":69}},{"start":{"line":61,"column":73},"end":{"line":61,"column":75}}]},"8":{"line":64,"type":"if","locations":[{"start":{"line":64,"column":2},"end":{"line":64,"column":2}},{"start":{"line":64,"column":2},"end":{"line":64,"column":2}}]},"9":{"line":70,"type":"binary-expr","locations":[{"start":{"line":70,"column":23},"end":{"line":70,"column":35}},{"start":{"line":70,"column":39},"end":{"line":70,"column":41}}]},"10":{"line":71,"type":"cond-expr","locations":[{"start":{"line":71,"column":33},"end":{"line":71,"column":38}},{"start":{"line":71,"column":41},"end":{"line":71,"column":45}}]},"11":{"line":76,"type":"binary-expr","locations":[{"start":{"line":76,"column":19},"end":{"line":76,"column":33}},{"start":{"line":76,"column":38},"end":{"line":76,"column":61}}]},"12":{"line":76,"type":"cond-expr","locations":[{"start":{"line":76,"column":47},"end":{"line":76,"column":53}},{"start":{"line":76,"column":56},"end":{"line":76,"column":61}}]},"13":{"line":79,"type":"binary-expr","locations":[{"start":{"line":79,"column":14},"end":{"line":79,"column":29}},{"start":{"line":79,"column":33},"end":{"line":79,"column":35}}]},"14":{"line":82,"type":"if","locations":[{"start":{"line":82,"column":2},"end":{"line":82,"column":2}},{"start":{"line":82,"column":2},"end":{"line":82,"column":2}}]},"15":{"line":83,"type":"cond-expr","locations":[{"start":{"line":83,"column":40},"end":{"line":83,"column":73}},{"start":{"line":83,"column":76},"end":{"line":83,"column":77}}]},"16":{"line":116,"type":"cond-expr","locations":[{"start":{"line":116,"column":43},"end":{"line":116,"column":76}},{"start":{"line":116,"column":79},"end":{"line":116,"column":81}}]},"17":{"line":128,"type":"if","locations":[{"start":{"line":128,"column":2},"end":{"line":128,"column":2}},{"start":{"line":128,"column":2},"end":{"line":128,"column":2}}]}},"code":["/*"," * Copyright 2012-2016 the original author or authors"," * @license MIT, see LICENSE.txt for details"," *"," * @author Jeremy Grelle"," * @author Scott Andrews"," */","","'use strict';","","var parser, http, https, mixin, normalizeHeaderName, responsePromise, client, httpsExp;","","parser = require('url');","http = require('http');","https = require('https');","mixin = require('../util/mixin');","normalizeHeaderName = require('../util/normalizeHeaderName');","responsePromise = require('../util/responsePromise');","client = require('../client');","","httpsExp = /^https/i;","","// TODO remove once Node 0.6 is no longer supported","Buffer.concat = Buffer.concat || function (list, length) {","\t/*jshint plusplus:false, shadow:true */","\t// from https://github.com/joyent/node/blob/v0.8.21/lib/buffer.js","\tif (!Array.isArray(list)) {","\t\tthrow new Error('Usage: Buffer.concat(list, [length])');","\t}","","\tif (list.length === 0) {","\t\treturn new Buffer(0);","\t} else if (list.length === 1) {","\t\treturn list[0];","\t}","","\tif (typeof length !== 'number') {","\t\tlength = 0;","\t\tfor (var i = 0; i < list.length; i++) {","\t\t\tvar buf = list[i];","\t\t\tlength += buf.length;","\t\t}","\t}","","\tvar buffer = new Buffer(length);","\tvar pos = 0;","\tfor (var i = 0; i < list.length; i++) {","\t\tvar buf = list[i];","\t\tbuf.copy(buffer, pos);","\t\tpos += buf.length;","\t}","\treturn buffer;","};","","module.exports = client(function node(request) {","\t/*jshint maxcomplexity:20 */","\treturn responsePromise.promise(function (resolve, reject) {","","\t\tvar options, clientRequest, client, url, headers, entity, response;","","\t\trequest = typeof request === 'string' ? { path: request } : request || {};","\t\tresponse = { request: request };","","\t\tif (request.canceled) {","\t\t\tresponse.error = 'precanceled';","\t\t\treject(response);","\t\t\treturn;","\t\t}","","\t\turl = response.url = request.path || '';","\t\tclient = url.match(httpsExp) ? https : http;","","\t\toptions = mixin({}, request.mixin, parser.parse(url));","","\t\tentity = request.entity;","\t\trequest.method = request.method || (entity ? 'POST' : 'GET');","\t\toptions.method = request.method;","\t\theaders = options.headers = {};","\t\tObject.keys(request.headers || {}).forEach(function (name) {","\t\t\theaders[normalizeHeaderName(name)] = request.headers[name];","\t\t});","\t\tif (!headers['Content-Length']) {","\t\t\theaders['Content-Length'] = entity ? Buffer.byteLength(entity, 'utf8') : 0;","\t\t}","","\t\trequest.canceled = false;","\t\trequest.cancel = function cancel() {","\t\t\trequest.canceled = true;","\t\t\tclientRequest.abort();","\t\t};","","\t\tclientRequest = client.request(options, function (clientResponse) {","\t\t\t// Array of Buffers to collect response chunks","\t\t\tvar buffers = [];","","\t\t\tresponse.raw = {","\t\t\t\trequest: clientRequest,","\t\t\t\tresponse: clientResponse","\t\t\t};","\t\t\tresponse.status = {","\t\t\t\tcode: clientResponse.statusCode","\t\t\t\t// node doesn't provide access to the status text","\t\t\t};","\t\t\tresponse.headers = {};","\t\t\tObject.keys(clientResponse.headers).forEach(function (name) {","\t\t\t\tresponse.headers[normalizeHeaderName(name)] = clientResponse.headers[name];","\t\t\t});","","\t\t\tclientResponse.on('data', function (data) {","\t\t\t\t// Collect the next Buffer chunk","\t\t\t\tbuffers.push(data);","\t\t\t});","","\t\t\tclientResponse.on('end', function () {","\t\t\t\t// Create the final response entity","\t\t\t\tresponse.entity = buffers.length > 0 ? Buffer.concat(buffers).toString() : '';","\t\t\t\tbuffers = null;","","\t\t\t\tresolve(response);","\t\t\t});","\t\t});","","\t\tclientRequest.on('error', function (e) {","\t\t\tresponse.error = e;","\t\t\treject(response);","\t\t});","","\t\tif (entity) {","\t\t\tclientRequest.write(entity);","\t\t}","\t\tclientRequest.end();","","\t});","});",""],"l":{"11":1,"13":1,"14":1,"15":1,"16":1,"17":1,"18":1,"19":1,"21":1,"24":1,"27":0,"28":0,"31":0,"32":0,"33":0,"34":0,"37":0,"38":0,"39":0,"40":0,"41":0,"45":0,"46":0,"47":0,"48":0,"49":0,"50":0,"52":0,"55":1,"57":0,"59":0,"61":0,"62":0,"64":0,"65":0,"66":0,"67":0,"70":0,"71":0,"73":0,"75":0,"76":0,"77":0,"78":0,"79":0,"80":0,"82":0,"83":0,"86":0,"87":0,"88":0,"89":0,"92":0,"94":0,"96":0,"100":0,"104":0,"105":0,"106":0,"109":0,"111":0,"114":0,"116":0,"117":0,"119":0,"123":0,"124":0,"125":0,"128":0,"129":0,"131":0}},"/home/travis/build/npmtest/node-npmtest-rest/node_modules/rest/util/mixin.js":{"path":"/home/travis/build/npmtest/node-npmtest-rest/node_modules/rest/util/mixin.js","s":{"1":1,"2":1,"3":0,"4":0,"5":0,"6":0,"7":0,"8":0,"9":0,"10":0,"11":0,"12":1},"b":{"1":[0,0],"2":[0,0],"3":[0,0,0,0]},"f":{"1":0},"fnMap":{"1":{"name":"mixin","line":21,"loc":{"start":{"line":21,"column":0},"end":{"line":21,"column":39}}}},"statementMap":{"1":{"start":{"line":10,"column":0},"end":{"line":10,"column":15}},"2":{"start":{"line":21,"column":0},"end":{"line":35,"column":1}},"3":{"start":{"line":22,"column":1},"end":{"line":22,"column":24}},"4":{"start":{"line":24,"column":1},"end":{"line":24,"column":26}},"5":{"start":{"line":24,"column":14},"end":{"line":24,"column":24}},"6":{"start":{"line":25,"column":1},"end":{"line":32,"column":2}},"7":{"start":{"line":26,"column":2},"end":{"line":26,"column":24}},"8":{"start":{"line":27,"column":2},"end":{"line":31,"column":3}},"9":{"start":{"line":28,"column":3},"end":{"line":30,"column":4}},"10":{"start":{"line":29,"column":4},"end":{"line":29,"column":30}},"11":{"start":{"line":34,"column":1},"end":{"line":34,"column":13}},"12":{"start":{"line":37,"column":0},"end":{"line":37,"column":23}}},"branchMap":{"1":{"line":24,"type":"if","locations":[{"start":{"line":24,"column":1},"end":{"line":24,"column":1}},{"start":{"line":24,"column":1},"end":{"line":24,"column":1}}]},"2":{"line":28,"type":"if","locations":[{"start":{"line":28,"column":3},"end":{"line":28,"column":3}},{"start":{"line":28,"column":3},"end":{"line":28,"column":3}}]},"3":{"line":28,"type":"binary-expr","locations":[{"start":{"line":28,"column":7},"end":{"line":28,"column":22}},{"start":{"line":28,"column":27},"end":{"line":28,"column":54}},{"start":{"line":28,"column":59},"end":{"line":28,"column":75}},{"start":{"line":28,"column":79},"end":{"line":28,"column":107}}]}},"code":["/*"," * Copyright 2012-2016 the original author or authors"," * @license MIT, see LICENSE.txt for details"," *"," * @author Scott Andrews"," */","","'use strict';","","var empty = {};","","/**"," * Mix the properties from the source object into the destination object."," * When the same property occurs in more then one object, the right most"," * value wins."," *"," * @param {Object} dest the object to copy properties to"," * @param {Object} sources the objects to copy properties from.  May be 1 to N arguments, but not an Array."," * @return {Object} the destination object"," */","function mixin(dest /*, sources... */) {","\tvar i, l, source, name;","","\tif (!dest) { dest = {}; }","\tfor (i = 1, l = arguments.length; i < l; i += 1) {","\t\tsource = arguments[i];","\t\tfor (name in source) {","\t\t\tif (!(name in dest) || (dest[name] !== source[name] && (!(name in empty) || empty[name] !== source[name]))) {","\t\t\t\tdest[name] = source[name];","\t\t\t}","\t\t}","\t}","","\treturn dest; // Object","}","","module.exports = mixin;",""],"l":{"10":1,"21":1,"22":0,"24":0,"25":0,"26":0,"27":0,"28":0,"29":0,"34":0,"37":1}},"/home/travis/build/npmtest/node-npmtest-rest/node_modules/rest/util/normalizeHeaderName.js":{"path":"/home/travis/build/npmtest/node-npmtest-rest/node_modules/rest/util/normalizeHeaderName.js","s":{"1":1,"2":0,"3":0,"4":1},"b":{},"f":{"1":0,"2":0},"fnMap":{"1":{"name":"normalizeHeaderName","line":21,"loc":{"start":{"line":21,"column":0},"end":{"line":21,"column":35}}},"2":{"name":"(anonymous_2)","line":24,"loc":{"start":{"line":24,"column":7},"end":{"line":24,"column":24}}}},"statementMap":{"1":{"start":{"line":21,"column":0},"end":{"line":26,"column":1}},"2":{"start":{"line":22,"column":1},"end":{"line":25,"column":13}},"3":{"start":{"line":24,"column":26},"end":{"line":24,"column":80}},"4":{"start":{"line":28,"column":0},"end":{"line":28,"column":37}}},"branchMap":{},"code":["/*"," * Copyright 2012-2016 the original author or authors"," * @license MIT, see LICENSE.txt for details"," *"," * @author Scott Andrews"," */","","'use strict';","","/**"," * Normalize HTTP header names using the pseudo camel case."," *"," * For example:"," *   content-type         -> Content-Type"," *   accepts              -> Accepts"," *   x-custom-header-name -> X-Custom-Header-Name"," *"," * @param {string} name the raw header name"," * @return {string} the normalized header name"," */","function normalizeHeaderName(name) {","\treturn name.toLowerCase()","\t\t.split('-')","\t\t.map(function (chunk) { return chunk.charAt(0).toUpperCase() + chunk.slice(1); })","\t\t.join('-');","}","","module.exports = normalizeHeaderName;",""],"l":{"21":1,"22":0,"24":0,"28":1}},"/home/travis/build/npmtest/node-npmtest-rest/node_modules/rest/util/responsePromise.js":{"path":"/home/travis/build/npmtest/node-npmtest-rest/node_modules/rest/util/responsePromise.js","s":{"1":1,"2":1,"3":0,"4":0,"5":0,"6":1,"7":0,"8":1,"9":0,"10":1,"11":0,"12":1,"13":0,"14":0,"1
[...]
ations":[{"start":{"line":84,"column":5},"end":{"line":84,"column":5}},{"start":{"line":84,"column":5},"end":{"line":84,"column":5}}]},"8":{"line":86,"type":"if","locations":[{"start":{"line":86,"column":6},"end":{"line":86,"column":6}},{"start":{"line":86,"column":6},"end":{"line":86,"column":6}}]},"9":{"line":87,"type":"if","locations":[{"start":{"line":87,"column":6},"end":{"line":87,"column":6}},{"start":{"line":87,"column":6},"end":{"line":87,"column":6}}]},"10":{"line":96,"type":"if","locations":[{"start":{"line":96,"column":5},"end":{"line":96,"column":5}},{"start":{"line":96,"column":5},"end":{"line":96,"column":5}}]},"11":{"line":99,"type":"if","locations":[{"start":{"line":99,"column":5},"end":{"line":99,"column":5}},{"start":{"line":99,"column":5},"end":{"line":99,"column":5}}]},"12":{"line":100,"type":"if","locations":[{"start":{"line":100,"column":5},"end":{"line":100,"column":5}},{"start":{"line":100,"column":5},"end":{"line":100,"column":5}}]},"13":{"line":102,"type":"binary-expr","locations":[{"start":{"line":102,"column":7},"end":{"line":102,"column":21}},{"start":{"line":102,"column":25},"end":{"line":102,"column":31}}]},"14":{"line":107,"type":"binary-expr","locations":[{"start":{"line":107,"column":6},"end":{"line":107,"column":20}},{"start":{"line":107,"column":24},"end":{"line":107,"column":30}}]}},"code":["/*"," * Copyright 2013-2016 the original author or authors"," * @license MIT, see LICENSE.txt for details"," *"," * @author Scott Andrews"," */","","'use strict';","","var pathPrefix, template, find, lazyPromise, responsePromise;","","pathPrefix = require('../../../interceptor/pathPrefix');","template = require('../../../interceptor/template');","find = require('../../../util/find');","lazyPromise = require('../../../util/lazyPromise');","responsePromise = require('../../../util/responsePromise');","","function defineProperty(obj, name, value) {","\tObject.defineProperty(obj, name, {","\t\tvalue: value,","\t\tconfigurable: true,","\t\tenumerable: false,","\t\twriteable: true","\t});","}","","/**"," * Hypertext Application Language serializer"," *"," * Implemented to https://tools.ietf.org/html/draft-kelly-json-hal-06"," *"," * As the spec is still a draft, this implementation will be updated as the"," * spec evolves"," *"," * Objects are read as HAL indexing links and embedded objects on to the"," * resource. Objects are written as plain JSON."," *"," * Embedded relationships are indexed onto the resource by the relationship"," * as a promise for the related resource."," *"," * Links are indexed onto the resource as a lazy promise that will GET the"," * resource when a handler is first registered on the promise."," *"," * A `requestFor` method is added to the entity to make a request for the"," * relationship."," *"," * A `clientFor` method is added to the entity to get a full Client for a"," * relationship."," *"," * The `_links` and `_embedded` properties on the resource are made"," * non-enumerable."," */","module.exports = {","","\tread: function (str, opts) {","\t\tvar client, console;","","\t\topts = opts || {};","\t\tclient = opts.client;","\t\tconsole = opts.console || console;","","\t\tfunction deprecationWarning(relationship, deprecation) {","\t\t\tif (deprecation && console && console.warn || console.log) {","\t\t\t\t(console.warn || console.log).call(console, 'Relationship \\'' + relationship + '\\' is deprecated, see ' + deprecation);","\t\t\t}","\t\t}","","\t\treturn opts.registry.lookup(opts.mime.suffix).then(function (converter) {","\t\t\treturn converter.read(str, opts);","\t\t}).then(function (root) {","\t\t\tfind.findProperties(root, '_embedded', function (embedded, resource, name) {","\t\t\t\tObject.keys(embedded).forEach(function (relationship) {","\t\t\t\t\tif (relationship in resource) { return; }","\t\t\t\t\tvar related = responsePromise({","\t\t\t\t\t\tentity: embedded[relationship]","\t\t\t\t\t});","\t\t\t\t\tdefineProperty(resource, relationship, related);","\t\t\t\t});","\t\t\t\tdefineProperty(resource, name, embedded);","\t\t\t});","\t\t\tfind.findProperties(root, '_links', function (links, resource, name) {","\t\t\t\tObject.keys(links).forEach(function (relationship) {","\t\t\t\t\tvar link = links[relationship];","\t\t\t\t\tif (relationship in resource) { return; }","\t\t\t\t\tdefineProperty(resource, relationship, responsePromise.make(lazyPromise(function () {","\t\t\t\t\t\tif (link.deprecation) { deprecationWarning(relationship, link.deprecation); }","\t\t\t\t\t\tif (link.templated === true) {","\t\t\t\t\t\t\treturn template(client)({ path: link.href });","\t\t\t\t\t\t}","\t\t\t\t\t\treturn client({ path: link.href });","\t\t\t\t\t})));","\t\t\t\t});","\t\t\t\tdefineProperty(resource, name, links);","\t\t\t\tdefineProperty(resource, 'clientFor', function (relationship, clientOverride) {","\t\t\t\t\tvar link = links[relationship];","\t\t\t\t\tif (!link) {","\t\t\t\t\t\tthrow new Error('Unknown relationship: ' + relationship);","\t\t\t\t\t}","\t\t\t\t\tif (link.deprecation) { deprecationWarning(relationship, link.deprecation); }","\t\t\t\t\tif (link.templated === true) {","\t\t\t\t\t\treturn template(","\t\t\t\t\t\t\tclientOverride || client,","\t\t\t\t\t\t\t{ template: link.href }","\t\t\t\t\t\t);","\t\t\t\t\t}","\t\t\t\t\treturn pathPrefix(","\t\t\t\t\t\tclientOverride || client,","\t\t\t\t\t\t{ prefix: link.href }","\t\t\t\t\t);","\t\t\t\t});","\t\t\t\tdefineProperty(resource, 'requestFor', function (relationship, request, clientOverride) {","\t\t\t\t\tvar client = this.clientFor(relationship, clientOverride);","\t\t\t\t\treturn client(request);","\t\t\t\t});","\t\t\t});","","\t\t\treturn root;","\t\t});","","\t},","","\twrite: function (obj, opts) {","\t\treturn opts.registry.lookup(opts.mime.suffix).then(function (converter) {","\t\t\treturn converter.write(obj, opts);","\t\t});","\t}","","};",""],"l":{"10":1,"12":1,"13":1,"14":1,"15":1,"16":1,"18":1,"19":0,"53":1,"56":0,"58":0,"59":0,"60":0,"62":1,"63":0,"64":0,"68":0,"69":0,"71":0,"72":0,"73":0,"74":0,"77":0,"79":0,"81":0,"82":0,"83":0,"84":0,"85":0,"86":0,"87":0,"88":0,"90":0,"93":0,"94":0,"95":0,"96":0,"97":0,"99":0,"100":0,"101":0,"106":0,"111":0,"112":0,"113":0,"117":0,"123":0,"124":0}},"/home/travis/build/npmtest/node-npmtest-rest/node_modules/rest/util/lazyPromise.js":{"path":"/home/travis/build/npmtest/node-npmtest-rest/node_modules/rest/util/lazyPromise.js","s":{"1":1,"2":1,"3":0,"4":0,"5":0,"6":0,"7":0,"8":0,"9":0,"10":0,"11":0,"12":0,"13":0,"14":1},"b":{"1":[0,0]},"f":{"1":0,"2":0,"3":0},"fnMap":{"1":{"name":"lazyPromise","line":22,"loc":{"start":{"line":22,"column":0},"end":{"line":22,"column":27}}},"2":{"name":"(anonymous_2)","line":27,"loc":{"start":{"line":27,"column":23},"end":{"line":27,"column":50}}},"3":{"name":"(anonymous_3)","line":35,"loc":{"start":{"line":35,"column":16},"end":{"line":35,"column":28}}}},"statementMap":{"1":{"start":{"line":10,"column":0},"end":{"line":10,"column":35}},"2":{"start":{"line":22,"column":0},"end":{"line":44,"column":1}},"3":{"start":{"line":23,"column":1},"end":{"line":23,"column":38}},"4":{"start":{"line":25,"column":1},"end":{"line":25,"column":17}},"5":{"start":{"line":27,"column":1},"end":{"line":32,"column":4}},"6":{"start":{"line":28,"column":2},"end":{"line":31,"column":4}},"7":{"start":{"line":33,"column":1},"end":{"line":33,"column":21}},"8":{"start":{"line":35,"column":1},"end":{"line":41,"column":3}},"9":{"start":{"line":36,"column":2},"end":{"line":39,"column":3}},"10":{"start":{"line":37,"column":3},"end":{"line":37,"column":18}},"11":{"start":{"line":38,"column":3},"end":{"line":38,"column":57}},"12":{"start":{"line":40,"column":2},"end":{"line":40,"column":40}},"13":{"start":{"line":43,"column":1},"end":{"line":43,"column":16}},"14":{"start":{"line":46,"column":0},"end":{"line":46,"column":29}}},"branchMap":{"1":{"line":36,"type":"if","locations":[{"start":{"line":36,"column":2},"end":{"line":36,"column":2}},{"start":{"line":36,"column":2},"end":{"line":36,"column":2}}]}},"code":["/*"," * Copyright 2013-2016 the original author or authors"," * @license MIT, see LICENSE.txt for details"," *"," * @author Scott Andrews"," */","","'use strict';","","var attempt = require('./attempt');","","/**"," * Create a promise whose work is started only when a handler is registered."," *"," * The work function will be invoked at most once. Thrown values will result"," * in promise rejection."," *"," * @param {Function} work function whose ouput is used to resolve the"," *   returned promise."," * @returns {Promise} a lazy promise"," */","function lazyPromise(work) {","\tvar started, resolver, promise, then;","","\tstarted = false;","","\tpromise = new Promise(function (resolve, reject) {","\t\tresolver = {","\t\t\tresolve: resolve,","\t\t\treject: reject","\t\t};","\t});","\tthen = promise.then;","","\tpromise.then = function () {","\t\tif (!started) {","\t\t\tstarted = true;","\t\t\tattempt(work).then(resolver.resolve, resolver.reject);","\t\t}","\t\treturn then.apply(promise, arguments);","\t};","","\treturn promise;","}","","module.exports = lazyPromise;",""],"l":{"10":1,"22":1,"23":0,"25":0,"27":0,"28":0,"33":0,"35":0,"36":0,"37":0,"38":0,"40":0,"43":0,"46":1}},"/home/travis/build/npmtest/node-npmtest-rest/node_modules/rest/util/attempt.js":{"path":"/home/travis/build/npmtest/node-npmtest-rest/node_modules/rest/util/attempt.js","s":{"1":1,"2":0,"3":0,"4":0,"5":1},"b":{},"f":{"1":0},"fnMap":{"1":{"name":"attempt","line":18,"loc":{"start":{"line":18,"column":0},"end":{"line":18,"column":23}}}},"statementMap":{"1":{"start":{"line":18,"column":0},"end":{"line":25,"column":1}},"2":{"start":{"line":19,"column":1},"end":{"line":24,"column":2}},"3":{"start":{"line":20,"column":2},"end":{"line":20,"column":33}},"4":{"start":{"line":23,"column":2},"end":{"line":23,"column":27}},"5":{"start":{"line":27,"column":0},"end":{"line":27,"column":25}}},"branchMap":{},"code":["/*"," * Copyright 2015-2016 the original author or authors"," * @license MIT, see LICENSE.txt for details"," *"," * @author Scott Andrews"," */","","'use strict';","","/**"," * Attempt to invoke a function capturing the resulting value as a Promise"," *"," * If the method throws, the caught value used to reject the Promise."," *"," * @param {function} work function to invoke"," * @returns {Promise} Promise for the output of the work function"," */","function attempt(work) {","\ttry {","\t\treturn Promise.resolve(work());","\t}","\tcatch (e) {","\t\treturn Promise.reject(e);","\t}","}","","module.exports = attempt;",""],"l":{"18":1,"19":0,"20":0,"23":0,"27":1}},"/home/travis/build/npmtest/node-npmtest-rest/node_modules/rest/mime/type/application/json.js":{"path":"/home/travis/build/npmtest/node-npmtest-rest/node_modules/rest/mime/type/application/json.js","s":{"1":1,"2":1,"3":0,"4":0,"5":1},"b":{},"f":{"1":1,"2":0,"3":0},"fnMap":{"1":{"name":"createConverter","line":21,"loc":{"start":{"line":21,"column":0},"end":{"line":21,"column":44}}},"2":{"name":"(anonymous_2)","line":24,"loc":{"start":{"line":24,"column":8},"end":{"line":24,"column":23}}},"3":{"name":"(anonymous_3)","line":28,"loc":{"start":{"line":28,"column":9},"end":{"line":28,"column":24}}}},"statementMap":{"1":{"start":{"line":21,"column":0},"end":{"line":35,"column":1}},"2":{"start":{"line":22,"column":1},"end":{"line":34,"column":3}},"3":{"start":{"line":25,"column":3},"end":{"line":25,"column":35}},"4":{"start":{"line":29,"column":3},"end":{"line":29,"column":40}},"5":{"start":{"line":37,"column":0},"end":{"line":37,"column":35}}},"branchMap":{},"code":["/*"," * Copyright 2012-2016 the original author or authors"," * @license MIT, see LICENSE.txt for details"," *"," * @author Scott Andrews"," */","","'use strict';","","/**"," * Create a new JSON converter with custom reviver/replacer."," *"," * The extended converter must be published to a MIME registry in order"," * to be used. The existing converter will not be modified."," *"," * @see https://developer.mozilla.org/en-US/docs/Web/JavaScript/Reference/Global_Objects/JSON"," *"," * @param {function} [reviver=undefined] custom JSON.parse reviver"," * @param {function|Array} [replacer=undefined] custom JSON.stringify replacer"," */","function createConverter(reviver, replacer) {","\treturn {","","\t\tread: function (str) {","\t\t\treturn JSON.parse(str, reviver);","\t\t},","","\t\twrite: function (obj) {","\t\t\treturn JSON.stringify(obj, replacer);","\t\t},","","\t\textend: createConverter","","\t};","}","","module.exports = createConverter();",""],"l":{"21":1,"22":1,"25":0,"29":0,"37":1}},"/home/travis/build/npmtest/node-npmtest-rest/node_modules/rest/mime/type/multipart/form-data.js":{"path":"/home/travis/build/npmtest/node-npmtest-rest/node_modules/rest/mime/type/multipart/form-data.js","s":{"1":1,"2":0,"3":1,"4":0,"5":0,"6":0,"7":0,"8":0,"9":0,"10":0,"11":0,"12":0,"13":0,"14":0,"15":1,"16":0,"17":0,"18":0,"19":0,"20":0,"21":0,"22":0,"23":0,"24":0},"b":{"1":[0,0,0],"2":[0,0],"3":[0,0],"4":[0,0],"5":[0,0],"6":[0,0],"7":[0,0],"8":[0,0],"9":[0,0]},"f":{"1":0,"2":0,"3":0},"fnMap":{"1":{"name":"isFormElement","line":12,"loc":{"start":{"line":12,"column":0},"end":{"line":12,"column":31}}},"2":{"name":"createFormDataFromObject","line":18,"loc":{"start":{"line":18,"column":0},"end":{"line":18,"column":42}}},"3":{"name":"(anonymous_3)","line":41,"loc":{"start":{"line":41,"column":8},"end":{"line":41,"column":26}}}},"statementMap":{"1":{"start":{"line":12,"column":0},"end":{"line":16,"column":1}},"2":{"start":{"line":13,"column":1},"end":{"line":15,"column":28}},"3":{"start":{"line":18,"column":0},"end":{"line":37,"column":1}},"4":{"start":{"line":19,"column":1},"end":{"line":19,"column":31}},"5":{"start":{"line":21,"column":1},"end":{"line":21,"column":11}},"6":{"start":{"line":22,"column":1},"end":{"line":34,"column":2}},"7":{"start":{"line":23,"column":2},"end":{"line":33,"column":3}},"8":{"start":{"line":24,"column":3},"end":{"line":24,"column":28}},"9":{"start":{"line":26,"column":3},"end":{"line":32,"column":4}},"10":{"start":{"line":27,"column":4},"end":{"line":27,"column":49}},"11":{"start":{"line":28,"column":10},"end":{"line":32,"column":4}},"12":{"start":{"line":29,"column":4},"end":{"line":29,"column":37}},"13":{"start":{"line":31,"column":4},"end":{"line":31,"column":45}},"14":{"start":{"line":36,"column":1},"end":{"line":36,"column":17}},"15":{"start":{"line":39,"column":0},"end":{"line":64,"column":2}},"16":{"start":{"line":42,"column":2},"end":{"line":44,"column":3}},"17":{"start":{"line":43,"column":3},"end":{"line":43,"column":88}},"18":{"start":{"line":47,"column":2},"end":{"line":49,"column":3}},"19":{"start":{"line":48,"column":3},"end":{"line":48,"column":17}},"20":{"start":{"line":52,"column":2},"end":{"line":54,"column":3}},"21":{"start":{"line":53,"column":3},"end":{"line":53,"column":31}},"22":{"start":{"line":57,"column":2},"end":{"line":59,"column":3}},"23":{"start":{"line":58,"column":3},"end":{"line":58,"column":43}},"24":{"start":{"line":61,"column":2},"end":{"line":61,"column":69}}},"branchMap":{"1":{"line":13,"type":"binary-expr","locations":[{"start":{"line":13,"column":8},"end":{"line":13,"column":14}},{"start":{"line":14,"column":2},"end":{"line":14,"column":23}},{"start":{"line":15,"column":2},"end":{"line":15,"column":27}}]},"2":{"line":23,"type":"if","locations":[{"start":{"line":23,"column":2},"end":{"line":23,"column":2}},{"start":{"line":23,"column":2},"end":{"line":23,"column":2}}]},"3":{"line":26,"type":"if","locations":[{"start":{"line":26,"column":3},"end":{"line":26,"column":3}},{"start":{"line":26,"column":3},"end":{"line":26,"column":3}}]},"4":{"line":28,"type":"if","locations":[{"start":{"line":28,"column":10},"end":{"line":28,"column":10}},{"start":{"line":28,"column":10},"end":{"line":28,"column":10}}]},"5":{"line":42,"type":"if","locations":[{"start":{"line":42,"column":2},"end":{"line":42,"column":2}},{"start":{"line":42,"column":2},"end":{"line":42,"column":2}}]},"6":{"line":47,"type":"if","locations":[{"start":{"line":47,"column":2},"end":{"line":47,"column":2}},{"start":{"line":47,"column":2},"end":{"line":47,"column":2}}]},"7":{"line":52,"type":"if","locations":[{"start":{"line":52,"column":2},"end":{"line":52,"column":2}},{"start":{"line":52,"column":2},"end":{"line":52,"column":2}}]},"8":{"line":57,"type":"if","locations":[{"start":{"line":57,"column":2},"end":{"line":57,"column":2}},{"start":{"line":57,"column":2},"end":{"line":57,"column":2}}]},"9":{"line":57,"type":"binary-expr","locations":[{"start":{"line":57,"column":6},"end":{"line":57,"column":32}},{"start":{"line":57,"column":36},"end":{"line":57,"column":51}}]}},"code":["/*"," * Copyright 2014-2016 the original author or authors"," * @license MIT, see LICENSE.txt for details"," *"," * @author Michael Jackson"," */","","/* global FormData, File, Blob */","","'use strict';","","function isFormElement(object) {","\treturn object &&","\t\tobject.nodeType === 1 && // Node.ELEMENT_NODE","\t\tobject.tagName === 'FORM';","}","","function createFormDataFromObject(object) {","\tvar formData = new FormData();","","\tvar value;","\tfor (var property in object) {","\t\tif (object.hasOwnProperty(property)) {","\t\t\tvalue = object[property];","","\t\t\tif (value instanceof File) {","\t\t\t\tformData.append(property, value, value.name);","\t\t\t} else if (value instanceof Blob) {","\t\t\t\tformData.append(property, value);","\t\t\t} else {","\t\t\t\tformData.append(property, String(value));","\t\t\t}","\t\t}","\t}","","\treturn formData;","}","","module.exports = {","","\twrite: function (object) {","\t\tif (typeof FormData === 'undefined') {","\t\t\tthrow new Error('The multipart/form-data mime serializer requires FormData support');","\t\t}","","\t\t// Support FormData directly.","\t\tif (object instanceof FormData) {","\t\t\treturn object;","\t\t}","","\t\t// Support <form> elements.","\t\tif (isFormElement(object)) {","\t\t\treturn new FormData(object);","\t\t}","","\t\t// Support plain objects, may contain File/Blob as value.","\t\tif (typeof object === 'object' && object !== null) {","\t\t\treturn createFormDataFromObject(object);","\t\t}","","\t\tthrow new Error('Unable to create FormData from object ' + object);","\t}","","};",""],"l":{"12":1,"13":0,"18":1,"19":0,"21":0,"22":0,"23":0,"24":0,"26":0,"27":0,"28":0,"29":0,"31":0,"36":0,"39":1,"42":0,"43":0,"47":0,"48":0,"52":0,"53":0,"57":0,"58":0,"61":0}},"/home/travis/build/npmtest/node-npmtest-rest/node_modules/rest/mime/type/text/plain.js":{"path":"/home/travis/build/npmtest/node-npmtest-rest/node_modules/rest/mime/type/text/plain.js","s":{"1":1,"2":0,"3":0},"b":{},"f":{"1":0,"2":0},"fnMap":{"1":{"name":"(anonymous_1)","line":12,"loc":{"start":{"line":12,"column":7},"end":{"line":12,"column":22}}},"2":{"name":"(anonymous_2)","line":16,"loc":{"start":{"line":16,"column":8},"end":{"line":16,"column":23}}}},"statementMap":{"1":{"start":{"line":10,"column":0},"end":{"line":20,"column":2}},"2":{"start":{"line":13,"column":2},"end":{"line":13,"column":13}},"3":{"start":{"line":17,"column":2},"end":{"line":17,"column":24}}},"branchMap":{},"code":["/*"," * Copyright 2012-2016 the original author or authors"," * @license MIT, see LICENSE.txt for details"," *"," * @author Scott Andrews"," */","","'use strict';","","module.exports = {","","\tread: function (str) {","\t\treturn str;","\t},","","\twrite: function (obj) {","\t\treturn obj.toString();","\t}","","};",""],"l":{"10":1,"13":0,"17":0}},"/home/travis/build/npmtest/node-npmtest-rest/node_modules/rest/util/Promise.js":{"path":"/home/travis/build/npmtest/node-npmtest-rest/node_modules/rest/util/Promise.js","s":{"1":1},"b":{},"f":{},"fnMap":{},"statementMap":{"1":{"start":{"line":13,"column":0},"end":{"line":13,"column":25}}},"branchMap":{},"code":["/*"," * Copyright 2015-2016 the original author or authors"," * @license MIT, see LICENSE.txt for details"," *"," * @author Scott Andrews"," */","","'use strict';","","/*global Promise */","","","module.exports = Promise;",""],"l":{"13":1}}}